<?xml version="1.0" encoding="UTF-8"?>
<testsuite name="parqueadero.integracion.VigilanteITest" tests="10" skipped="0" failures="0" errors="0" timestamp="2018-06-28T20:13:44" hostname="FRANCISCO-SALAZAR" time="1.594">
  <properties/>
  <testcase name="registrarSalidaMotoTest" classname="parqueadero.integracion.VigilanteITest" time="0.28"/>
  <testcase name="ingresarEstadoParqueo" classname="parqueadero.integracion.VigilanteITest" time="0.035"/>
  <testcase name="cobrarMotoMayorCilindrajeTest" classname="parqueadero.integracion.VigilanteITest" time="0.07"/>
  <testcase name="cobrarPorDiaTest" classname="parqueadero.integracion.VigilanteITest" time="0.026"/>
  <testcase name="ingresarTipoVehiculo" classname="parqueadero.integracion.VigilanteITest" time="0.03"/>
  <testcase name="registrarIngresoMaximo20CarrosTest" classname="parqueadero.integracion.VigilanteITest" time="0.755"/>
  <testcase name="registrarIngresoMaximo10MotoTest" classname="parqueadero.integracion.VigilanteITest" time="0.249"/>
  <testcase name="cobrarPorDiaYHoraTest" classname="parqueadero.integracion.VigilanteITest" time="0.022"/>
  <testcase name="cobrarPorHoraTest" classname="parqueadero.integracion.VigilanteITest" time="0.018"/>
  <testcase name="registrarIngresoMotoTest" classname="parqueadero.integracion.VigilanteITest" time="0.1"/>
  <system-out><![CDATA[
  .   ____          _            __ _ _
 /\\ / ___'_ __ _ _(_)_ __  __ _ \ \ \ \
( ( )\___ | '_ | '_| | '_ \/ _` | \ \ \ \
 \\/  ___)| |_)| | | | | || (_| |  ) ) ) )
  '  |____| .__|_| |_|_| |_\__, | / / / /
 =========|_|==============|___/=/_/_/_/
 :: Spring Boot ::        (v2.0.2.RELEASE)

2018-06-28 15:13:36.688  INFO 7788 --- [    Test worker] parqueadero.integracion.VigilanteITest   : Starting VigilanteITest on FRANCISCO-SALAZAR with PID 7788 (started by francisco.salazar in D:\proyectos\git\github.com\fransao\parqueadero.git\parqueadero)
2018-06-28 15:13:36.695  INFO 7788 --- [    Test worker] parqueadero.integracion.VigilanteITest   : No active profile set, falling back to default profiles: default
2018-06-28 15:13:36.853  INFO 7788 --- [    Test worker] o.s.w.c.s.GenericWebApplicationContext   : Refreshing org.springframework.web.context.support.GenericWebApplicationContext@4ec04d3c: startup date [Thu Jun 28 15:13:36 COT 2018]; root of context hierarchy
2018-06-28 15:13:39.284  INFO 7788 --- [    Test worker] trationDelegate$BeanPostProcessorChecker : Bean 'org.springframework.transaction.annotation.ProxyTransactionManagementConfiguration' of type [org.springframework.transaction.annotation.ProxyTransactionManagementConfiguration$$EnhancerBySpringCGLIB$$a701fd6f] is not eligible for getting processed by all BeanPostProcessors (for example: not eligible for auto-proxying)
2018-06-28 15:13:39.605  INFO 7788 --- [    Test worker] com.zaxxer.hikari.HikariDataSource       : HikariPool-1 - Starting...
2018-06-28 15:13:39.979  INFO 7788 --- [    Test worker] com.zaxxer.hikari.HikariDataSource       : HikariPool-1 - Start completed.
2018-06-28 15:13:40.088  INFO 7788 --- [    Test worker] j.LocalContainerEntityManagerFactoryBean : Building JPA container EntityManagerFactory for persistence unit 'default'
2018-06-28 15:13:40.131  INFO 7788 --- [    Test worker] o.hibernate.jpa.internal.util.LogHelper  : HHH000204: Processing PersistenceUnitInfo [
	name: default
	...]
2018-06-28 15:13:40.283  INFO 7788 --- [    Test worker] org.hibernate.Version                    : HHH000412: Hibernate Core {5.2.17.Final}
2018-06-28 15:13:40.286  INFO 7788 --- [    Test worker] org.hibernate.cfg.Environment            : HHH000206: hibernate.properties not found
2018-06-28 15:13:40.351  INFO 7788 --- [    Test worker] o.hibernate.annotations.common.Version   : HCANN000001: Hibernate Commons Annotations {5.0.1.Final}
2018-06-28 15:13:40.610  INFO 7788 --- [    Test worker] org.hibernate.dialect.Dialect            : HHH000400: Using dialect: org.hibernate.dialect.H2Dialect
Hibernate: drop table estado_parqueo if exists
Hibernate: drop table gestion_vehiculo if exists
Hibernate: drop table recargo if exists
Hibernate: drop table tarifaxtipo_vehiculo if exists
Hibernate: drop table tipo_vehiculo if exists
Hibernate: drop table unidad_tiempo if exists
Hibernate: drop table vehiculo if exists
Hibernate: drop sequence if exists hibernate_sequence
Hibernate: create sequence hibernate_sequence start with 1 increment by 1
Hibernate: create table estado_parqueo (estado integer not null, nombre_estado varchar(255) not null, primary key (estado))
Hibernate: create table gestion_vehiculo (secuencia_parqueo_vehiculo bigint not null, fecha_ingreso timestamp, fecha_salida timestamp, valor float, estado_parqueo integer, vehiculo varchar(255), primary key (secuencia_parqueo_vehiculo))
Hibernate: create table recargo (id_cilindraje integer not null, cilindraje_desde integer, cilindraje_hasta integer, tipo_vehiculo integer, valor float not null, primary key (id_cilindraje))
Hibernate: create table tarifaxtipo_vehiculo (tipo_vehiculo integer not null, unidad_tiempo integer not null, valor float not null, primary key (tipo_vehiculo, unidad_tiempo))
Hibernate: create table tipo_vehiculo (tipo_vehiculo integer not null, nombre_tipo_vehiculo varchar(255) not null, primary key (tipo_vehiculo))
Hibernate: create table unidad_tiempo (unidad_tiempo integer not null, nombre_unidad_tiempo varchar(255), primary key (unidad_tiempo))
Hibernate: create table vehiculo (placa varchar(255) not null, cilindraje integer, tipo_vehiculo integer, primary key (placa))
Hibernate: alter table gestion_vehiculo add constraint FKrtdh1lu9bq0u1mf3s0l36b0w0 foreign key (estado_parqueo) references estado_parqueo
Hibernate: alter table gestion_vehiculo add constraint FKheb0wo5twjtqo9qtlmao53o54 foreign key (vehiculo) references vehiculo
Hibernate: alter table vehiculo add constraint FKpi4uft0pf0sns035bngjv7559 foreign key (tipo_vehiculo) references tipo_vehiculo
2018-06-28 15:13:41.869  INFO 7788 --- [    Test worker] o.h.t.schema.internal.SchemaCreatorImpl  : HHH000476: Executing import script 'org.hibernate.tool.schema.internal.exec.ScriptSourceInputNonExistentImpl@5a153f13'
2018-06-28 15:13:41.878  INFO 7788 --- [    Test worker] o.h.h.i.QueryTranslatorFactoryInitiator  : HHH000397: Using ASTQueryTranslatorFactory
2018-06-28 15:13:42.085  INFO 7788 --- [    Test worker] j.LocalContainerEntityManagerFactoryBean : Initialized JPA EntityManagerFactory for persistence unit 'default'
Hibernate: select tipovehicu0_.tipo_vehiculo as tipo_veh1_4_0_, tipovehicu0_.nombre_tipo_vehiculo as nombre_t2_4_0_ from tipo_vehiculo tipovehicu0_ where tipovehicu0_.tipo_vehiculo=?
Hibernate: insert into tipo_vehiculo (nombre_tipo_vehiculo, tipo_vehiculo) values (?, ?)
Hibernate: select tipovehicu0_.tipo_vehiculo as tipo_veh1_4_0_, tipovehicu0_.nombre_tipo_vehiculo as nombre_t2_4_0_ from tipo_vehiculo tipovehicu0_ where tipovehicu0_.tipo_vehiculo=?
Hibernate: insert into tipo_vehiculo (nombre_tipo_vehiculo, tipo_vehiculo) values (?, ?)
Hibernate: select estadoparq0_.estado as estado1_0_0_, estadoparq0_.nombre_estado as nombre_e2_0_0_ from estado_parqueo estadoparq0_ where estadoparq0_.estado=?
Hibernate: insert into estado_parqueo (nombre_estado, estado) values (?, ?)
Hibernate: select estadoparq0_.estado as estado1_0_0_, estadoparq0_.nombre_estado as nombre_e2_0_0_ from estado_parqueo estadoparq0_ where estadoparq0_.estado=?
Hibernate: insert into estado_parqueo (nombre_estado, estado) values (?, ?)
Hibernate: select tarifaxtip0_.tipo_vehiculo as tipo_veh1_3_0_, tarifaxtip0_.unidad_tiempo as unidad_t2_3_0_, tarifaxtip0_.valor as valor3_3_0_ from tarifaxtipo_vehiculo tarifaxtip0_ where tarifaxtip0_.tipo_vehiculo=? and tarifaxtip0_.unidad_tiempo=?
Hibernate: insert into tarifaxtipo_vehiculo (valor, tipo_vehiculo, unidad_tiempo) values (?, ?, ?)
Hibernate: select tarifaxtip0_.tipo_vehiculo as tipo_veh1_3_0_, tarifaxtip0_.unidad_tiempo as unidad_t2_3_0_, tarifaxtip0_.valor as valor3_3_0_ from tarifaxtipo_vehiculo tarifaxtip0_ where tarifaxtip0_.tipo_vehiculo=? and tarifaxtip0_.unidad_tiempo=?
Hibernate: insert into tarifaxtipo_vehiculo (valor, tipo_vehiculo, unidad_tiempo) values (?, ?, ?)
Hibernate: select tarifaxtip0_.tipo_vehiculo as tipo_veh1_3_0_, tarifaxtip0_.unidad_tiempo as unidad_t2_3_0_, tarifaxtip0_.valor as valor3_3_0_ from tarifaxtipo_vehiculo tarifaxtip0_ where tarifaxtip0_.tipo_vehiculo=? and tarifaxtip0_.unidad_tiempo=?
Hibernate: insert into tarifaxtipo_vehiculo (valor, tipo_vehiculo, unidad_tiempo) values (?, ?, ?)
Hibernate: select tarifaxtip0_.tipo_vehiculo as tipo_veh1_3_0_, tarifaxtip0_.unidad_tiempo as unidad_t2_3_0_, tarifaxtip0_.valor as valor3_3_0_ from tarifaxtipo_vehiculo tarifaxtip0_ where tarifaxtip0_.tipo_vehiculo=? and tarifaxtip0_.unidad_tiempo=?
Hibernate: insert into tarifaxtipo_vehiculo (valor, tipo_vehiculo, unidad_tiempo) values (?, ?, ?)
Hibernate: select recargocil0_.id_cilindraje as id_cilin1_2_0_, recargocil0_.cilindraje_desde as cilindra2_2_0_, recargocil0_.cilindraje_hasta as cilindra3_2_0_, recargocil0_.tipo_vehiculo as tipo_veh4_2_0_, recargocil0_.valor as valor5_2_0_ from recargo recargocil0_ where recargocil0_.id_cilindraje=?
Hibernate: insert into recargo (cilindraje_desde, cilindraje_hasta, tipo_vehiculo, valor, id_cilindraje) values (?, ?, ?, ?, ?)
2018-06-28 15:13:43.209  WARN 7788 --- [    Test worker] aWebConfiguration$JpaWebMvcConfiguration : spring.jpa.open-in-view is enabled by default. Therefore, database queries may be performed during view rendering. Explicitly configure spring.jpa.open-in-view to disable this warning
2018-06-28 15:13:43.327  INFO 7788 --- [    Test worker] s.w.s.m.m.a.RequestMappingHandlerMapping : Mapped "{[/parqueadero/vehiculo/]}" onto public parqueadero.dominio.GestionVehiculo parqueadero.ws.servicecontroller.ParqueaderoRestController.registrarIngresoVehiculo(parqueadero.dominio.RequestVehiculo)
2018-06-28 15:13:43.330  INFO 7788 --- [    Test worker] s.w.s.m.m.a.RequestMappingHandlerMapping : Mapped "{[/parqueadero/vehiculo/{placa}],methods=[PUT]}" onto public parqueadero.dominio.GestionVehiculo parqueadero.ws.servicecontroller.ParqueaderoRestController.calcularCobroParqueadero(java.lang.String)
2018-06-28 15:13:43.331  INFO 7788 --- [    Test worker] s.w.s.m.m.a.RequestMappingHandlerMapping : Mapped "{[/parqueadero/vehiculo/],methods=[GET]}" onto public java.util.List<parqueadero.dominio.GestionVehiculo> parqueadero.ws.servicecontroller.ParqueaderoRestController.consultarVehiculosEnParqueadero()
2018-06-28 15:13:43.333  INFO 7788 --- [    Test worker] s.w.s.m.m.a.RequestMappingHandlerMapping : Mapped "{[/parqueadero/vehiculo/{placa}]}" onto public parqueadero.dominio.GestionVehiculo parqueadero.ws.servicecontroller.ParqueaderoRestController.consultarVehiculoEnParqueadero(java.lang.String)
2018-06-28 15:13:43.336  INFO 7788 --- [    Test worker] s.w.s.m.m.a.RequestMappingHandlerMapping : Mapped "{[/parqueadero/vehiculo/tcrm],methods=[GET]}" onto public float parqueadero.ws.servicecontroller.TcrmRestController.consultarVehiculosEnParqueadero() throws java.rmi.RemoteException
2018-06-28 15:13:43.346  INFO 7788 --- [    Test worker] s.w.s.m.m.a.RequestMappingHandlerMapping : Mapped "{[/error]}" onto public org.springframework.http.ResponseEntity<java.util.Map<java.lang.String, java.lang.Object>> org.springframework.boot.autoconfigure.web.servlet.error.BasicErrorController.error(javax.servlet.http.HttpServletRequest)
2018-06-28 15:13:43.348  INFO 7788 --- [    Test worker] s.w.s.m.m.a.RequestMappingHandlerMapping : Mapped "{[/error],produces=[text/html]}" onto public org.springframework.web.servlet.ModelAndView org.springframework.boot.autoconfigure.web.servlet.error.BasicErrorController.errorHtml(javax.servlet.http.HttpServletRequest,javax.servlet.http.HttpServletResponse)
2018-06-28 15:13:43.727  INFO 7788 --- [    Test worker] s.w.s.m.m.a.RequestMappingHandlerAdapter : Looking for @ControllerAdvice: org.springframework.web.context.support.GenericWebApplicationContext@4ec04d3c: startup date [Thu Jun 28 15:13:36 COT 2018]; root of context hierarchy
2018-06-28 15:13:44.532  INFO 7788 --- [    Test worker] parqueadero.integracion.VigilanteITest   : Started VigilanteITest in 8.43 seconds (JVM running for 10.458)
Hibernate: select tipovehicu0_.tipo_vehiculo as tipo_veh1_4_0_, tipovehicu0_.nombre_tipo_vehiculo as nombre_t2_4_0_ from tipo_vehiculo tipovehicu0_ where tipovehicu0_.tipo_vehiculo=?
Hibernate: select tipovehicu0_.tipo_vehiculo as tipo_veh1_4_0_, tipovehicu0_.nombre_tipo_vehiculo as nombre_t2_4_0_ from tipo_vehiculo tipovehicu0_ where tipovehicu0_.tipo_vehiculo=?
Hibernate: select estadoparq0_.estado as estado1_0_0_, estadoparq0_.nombre_estado as nombre_e2_0_0_ from estado_parqueo estadoparq0_ where estadoparq0_.estado=?
Hibernate: select estadoparq0_.estado as estado1_0_0_, estadoparq0_.nombre_estado as nombre_e2_0_0_ from estado_parqueo estadoparq0_ where estadoparq0_.estado=?
Hibernate: select tarifaxtip0_.tipo_vehiculo as tipo_veh1_3_0_, tarifaxtip0_.unidad_tiempo as unidad_t2_3_0_, tarifaxtip0_.valor as valor3_3_0_ from tarifaxtipo_vehiculo tarifaxtip0_ where tarifaxtip0_.tipo_vehiculo=? and tarifaxtip0_.unidad_tiempo=?
Hibernate: select tarifaxtip0_.tipo_vehiculo as tipo_veh1_3_0_, tarifaxtip0_.unidad_tiempo as unidad_t2_3_0_, tarifaxtip0_.valor as valor3_3_0_ from tarifaxtipo_vehiculo tarifaxtip0_ where tarifaxtip0_.tipo_vehiculo=? and tarifaxtip0_.unidad_tiempo=?
Hibernate: select tarifaxtip0_.tipo_vehiculo as tipo_veh1_3_0_, tarifaxtip0_.unidad_tiempo as unidad_t2_3_0_, tarifaxtip0_.valor as valor3_3_0_ from tarifaxtipo_vehiculo tarifaxtip0_ where tarifaxtip0_.tipo_vehiculo=? and tarifaxtip0_.unidad_tiempo=?
Hibernate: select tarifaxtip0_.tipo_vehiculo as tipo_veh1_3_0_, tarifaxtip0_.unidad_tiempo as unidad_t2_3_0_, tarifaxtip0_.valor as valor3_3_0_ from tarifaxtipo_vehiculo tarifaxtip0_ where tarifaxtip0_.tipo_vehiculo=? and tarifaxtip0_.unidad_tiempo=?
Hibernate: select recargocil0_.id_cilindraje as id_cilin1_2_0_, recargocil0_.cilindraje_desde as cilindra2_2_0_, recargocil0_.cilindraje_hasta as cilindra3_2_0_, recargocil0_.tipo_vehiculo as tipo_veh4_2_0_, recargocil0_.valor as valor5_2_0_ from recargo recargocil0_ where recargocil0_.id_cilindraje=?
Hibernate: select vehiculoen0_.placa as placa1_6_0_, vehiculoen0_.cilindraje as cilindra2_6_0_, vehiculoen0_.tipo_vehiculo as tipo_veh3_6_0_ from vehiculo vehiculoen0_ where vehiculoen0_.placa=?
Hibernate: select tipovehicu0_.tipo_vehiculo as tipo_veh1_4_0_, tipovehicu0_.nombre_tipo_vehiculo as nombre_t2_4_0_ from tipo_vehiculo tipovehicu0_ where tipovehicu0_.tipo_vehiculo=?
Hibernate: insert into vehiculo (cilindraje, tipo_vehiculo, placa) values (?, ?, ?)
Hibernate: select gestionveh0_.secuencia_parqueo_vehiculo as secuenci1_1_, gestionveh0_.estado_parqueo as estado_p5_1_, gestionveh0_.fecha_ingreso as fecha_in2_1_, gestionveh0_.fecha_salida as fecha_sa3_1_, gestionveh0_.valor as valor4_1_, gestionveh0_.vehiculo as vehiculo6_1_ from gestion_vehiculo gestionveh0_ where gestionveh0_.estado_parqueo=1
Hibernate: select gestionveh0_.secuencia_parqueo_vehiculo as secuenci1_1_, gestionveh0_.estado_parqueo as estado_p5_1_, gestionveh0_.fecha_ingreso as fecha_in2_1_, gestionveh0_.fecha_salida as fecha_sa3_1_, gestionveh0_.valor as valor4_1_, gestionveh0_.vehiculo as vehiculo6_1_ from gestion_vehiculo gestionveh0_ where gestionveh0_.vehiculo=? and gestionveh0_.estado_parqueo=?
Hibernate: select gestionveh0_.secuencia_parqueo_vehiculo as secuenci1_1_0_, gestionveh0_.estado_parqueo as estado_p5_1_0_, gestionveh0_.fecha_ingreso as fecha_in2_1_0_, gestionveh0_.fecha_salida as fecha_sa3_1_0_, gestionveh0_.valor as valor4_1_0_, gestionveh0_.vehiculo as vehiculo6_1_0_ from gestion_vehiculo gestionveh0_ where gestionveh0_.secuencia_parqueo_vehiculo=?
Hibernate: select estadoparq0_.estado as estado1_0_0_, estadoparq0_.nombre_estado as nombre_e2_0_0_ from estado_parqueo estadoparq0_ where estadoparq0_.estado=?
Hibernate: select vehiculoen0_.placa as placa1_6_0_, vehiculoen0_.cilindraje as cilindra2_6_0_, vehiculoen0_.tipo_vehiculo as tipo_veh3_6_0_, tipovehicu1_.tipo_vehiculo as tipo_veh1_4_1_, tipovehicu1_.nombre_tipo_vehiculo as nombre_t2_4_1_ from vehiculo vehiculoen0_ left outer join tipo_vehiculo tipovehicu1_ on vehiculoen0_.tipo_vehiculo=tipovehicu1_.tipo_vehiculo where vehiculoen0_.placa=?
Hibernate: call next value for hibernate_sequence
Hibernate: insert into gestion_vehiculo (estado_parqueo, fecha_ingreso, fecha_salida, valor, vehiculo, secuencia_parqueo_vehiculo) values (?, ?, ?, ?, ?, ?)
Hibernate: select gestionveh0_.secuencia_parqueo_vehiculo as secuenci1_1_, gestionveh0_.estado_parqueo as estado_p5_1_, gestionveh0_.fecha_ingreso as fecha_in2_1_, gestionveh0_.fecha_salida as fecha_sa3_1_, gestionveh0_.valor as valor4_1_, gestionveh0_.vehiculo as vehiculo6_1_ from gestion_vehiculo gestionveh0_ where gestionveh0_.vehiculo=? and gestionveh0_.estado_parqueo=?
Hibernate: select estadoparq0_.estado as estado1_0_0_, estadoparq0_.nombre_estado as nombre_e2_0_0_ from estado_parqueo estadoparq0_ where estadoparq0_.estado=?
Hibernate: select vehiculoen0_.placa as placa1_6_0_, vehiculoen0_.cilindraje as cilindra2_6_0_, vehiculoen0_.tipo_vehiculo as tipo_veh3_6_0_, tipovehicu1_.tipo_vehiculo as tipo_veh1_4_1_, tipovehicu1_.nombre_tipo_vehiculo as nombre_t2_4_1_ from vehiculo vehiculoen0_ left outer join tipo_vehiculo tipovehicu1_ on vehiculoen0_.tipo_vehiculo=tipovehicu1_.tipo_vehiculo where vehiculoen0_.placa=?
Hibernate: select gestionveh0_.secuencia_parqueo_vehiculo as secuenci1_1_0_, gestionveh0_.estado_parqueo as estado_p5_1_0_, gestionveh0_.fecha_ingreso as fecha_in2_1_0_, gestionveh0_.fecha_salida as fecha_sa3_1_0_, gestionveh0_.valor as valor4_1_0_, gestionveh0_.vehiculo as vehiculo6_1_0_ from gestion_vehiculo gestionveh0_ where gestionveh0_.secuencia_parqueo_vehiculo=?
Hibernate: select estadoparq0_.estado as estado1_0_0_, estadoparq0_.nombre_estado as nombre_e2_0_0_ from estado_parqueo estadoparq0_ where estadoparq0_.estado=?
Hibernate: select vehiculoen0_.placa as placa1_6_0_, vehiculoen0_.cilindraje as cilindra2_6_0_, vehiculoen0_.tipo_vehiculo as tipo_veh3_6_0_ from vehiculo vehiculoen0_ where vehiculoen0_.placa=?
Hibernate: select tipovehicu0_.tipo_vehiculo as tipo_veh1_4_0_, tipovehicu0_.nombre_tipo_vehiculo as nombre_t2_4_0_ from tipo_vehiculo tipovehicu0_ where tipovehicu0_.tipo_vehiculo=?
Hibernate: select estadoparq0_.estado as estado1_0_0_, estadoparq0_.nombre_estado as nombre_e2_0_0_ from estado_parqueo estadoparq0_ where estadoparq0_.estado=?
Hibernate: update gestion_vehiculo set estado_parqueo=?, fecha_ingreso=?, fecha_salida=?, valor=?, vehiculo=? where secuencia_parqueo_vehiculo=?
Hibernate: select gestionveh0_.secuencia_parqueo_vehiculo as secuenci1_1_, gestionveh0_.estado_parqueo as estado_p5_1_, gestionveh0_.fecha_ingreso as fecha_in2_1_, gestionveh0_.fecha_salida as fecha_sa3_1_, gestionveh0_.valor as valor4_1_, gestionveh0_.vehiculo as vehiculo6_1_ from gestion_vehiculo gestionveh0_ where gestionveh0_.vehiculo=? and gestionveh0_.estado_parqueo=?
Hibernate: select tipovehicu0_.tipo_vehiculo as tipo_veh1_4_0_, tipovehicu0_.nombre_tipo_vehiculo as nombre_t2_4_0_ from tipo_vehiculo tipovehicu0_ where tipovehicu0_.tipo_vehiculo=?
Hibernate: select tipovehicu0_.tipo_vehiculo as tipo_veh1_4_0_, tipovehicu0_.nombre_tipo_vehiculo as nombre_t2_4_0_ from tipo_vehiculo tipovehicu0_ where tipovehicu0_.tipo_vehiculo=?
Hibernate: select estadoparq0_.estado as estado1_0_0_, estadoparq0_.nombre_estado as nombre_e2_0_0_ from estado_parqueo estadoparq0_ where estadoparq0_.estado=?
Hibernate: select estadoparq0_.estado as estado1_0_0_, estadoparq0_.nombre_estado as nombre_e2_0_0_ from estado_parqueo estadoparq0_ where estadoparq0_.estado=?
Hibernate: select tarifaxtip0_.tipo_vehiculo as tipo_veh1_3_0_, tarifaxtip0_.unidad_tiempo as unidad_t2_3_0_, tarifaxtip0_.valor as valor3_3_0_ from tarifaxtipo_vehiculo tarifaxtip0_ where tarifaxtip0_.tipo_vehiculo=? and tarifaxtip0_.unidad_tiempo=?
Hibernate: select tarifaxtip0_.tipo_vehiculo as tipo_veh1_3_0_, tarifaxtip0_.unidad_tiempo as unidad_t2_3_0_, tarifaxtip0_.valor as valor3_3_0_ from tarifaxtipo_vehiculo tarifaxtip0_ where tarifaxtip0_.tipo_vehiculo=? and tarifaxtip0_.unidad_tiempo=?
Hibernate: select tarifaxtip0_.tipo_vehiculo as tipo_veh1_3_0_, tarifaxtip0_.unidad_tiempo as unidad_t2_3_0_, tarifaxtip0_.valor as valor3_3_0_ from tarifaxtipo_vehiculo tarifaxtip0_ where tarifaxtip0_.tipo_vehiculo=? and tarifaxtip0_.unidad_tiempo=?
Hibernate: select tarifaxtip0_.tipo_vehiculo as tipo_veh1_3_0_, tarifaxtip0_.unidad_tiempo as unidad_t2_3_0_, tarifaxtip0_.valor as valor3_3_0_ from tarifaxtipo_vehiculo tarifaxtip0_ where tarifaxtip0_.tipo_vehiculo=? and tarifaxtip0_.unidad_tiempo=?
Hibernate: select recargocil0_.id_cilindraje as id_cilin1_2_0_, recargocil0_.cilindraje_desde as cilindra2_2_0_, recargocil0_.cilindraje_hasta as cilindra3_2_0_, recargocil0_.tipo_vehiculo as tipo_veh4_2_0_, recargocil0_.valor as valor5_2_0_ from recargo recargocil0_ where recargocil0_.id_cilindraje=?
Hibernate: select estadoparq0_.estado as estado1_0_0_, estadoparq0_.nombre_estado as nombre_e2_0_0_ from estado_parqueo estadoparq0_ where estadoparq0_.estado=?
Hibernate: update estado_parqueo set nombre_estado=? where estado=?
Hibernate: select estadoparq0_.estado as estado1_0_0_, estadoparq0_.nombre_estado as nombre_e2_0_0_ from estado_parqueo estadoparq0_ where estadoparq0_.estado=?
Hibernate: select tipovehicu0_.tipo_vehiculo as tipo_veh1_4_0_, tipovehicu0_.nombre_tipo_vehiculo as nombre_t2_4_0_ from tipo_vehiculo tipovehicu0_ where tipovehicu0_.tipo_vehiculo=?
Hibernate: select tipovehicu0_.tipo_vehiculo as tipo_veh1_4_0_, tipovehicu0_.nombre_tipo_vehiculo as nombre_t2_4_0_ from tipo_vehiculo tipovehicu0_ where tipovehicu0_.tipo_vehiculo=?
Hibernate: select estadoparq0_.estado as estado1_0_0_, estadoparq0_.nombre_estado as nombre_e2_0_0_ from estado_parqueo estadoparq0_ where estadoparq0_.estado=?
Hibernate: update estado_parqueo set nombre_estado=? where estado=?
Hibernate: select estadoparq0_.estado as estado1_0_0_, estadoparq0_.nombre_estado as nombre_e2_0_0_ from estado_parqueo estadoparq0_ where estadoparq0_.estado=?
Hibernate: select tarifaxtip0_.tipo_vehiculo as tipo_veh1_3_0_, tarifaxtip0_.unidad_tiempo as unidad_t2_3_0_, tarifaxtip0_.valor as valor3_3_0_ from tarifaxtipo_vehiculo tarifaxtip0_ where tarifaxtip0_.tipo_vehiculo=? and tarifaxtip0_.unidad_tiempo=?
Hibernate: select tarifaxtip0_.tipo_vehiculo as tipo_veh1_3_0_, tarifaxtip0_.unidad_tiempo as unidad_t2_3_0_, tarifaxtip0_.valor as valor3_3_0_ from tarifaxtipo_vehiculo tarifaxtip0_ where tarifaxtip0_.tipo_vehiculo=? and tarifaxtip0_.unidad_tiempo=?
Hibernate: select tarifaxtip0_.tipo_vehiculo as tipo_veh1_3_0_, tarifaxtip0_.unidad_tiempo as unidad_t2_3_0_, tarifaxtip0_.valor as valor3_3_0_ from tarifaxtipo_vehiculo tarifaxtip0_ where tarifaxtip0_.tipo_vehiculo=? and tarifaxtip0_.unidad_tiempo=?
Hibernate: select tarifaxtip0_.tipo_vehiculo as tipo_veh1_3_0_, tarifaxtip0_.unidad_tiempo as unidad_t2_3_0_, tarifaxtip0_.valor as valor3_3_0_ from tarifaxtipo_vehiculo tarifaxtip0_ where tarifaxtip0_.tipo_vehiculo=? and tarifaxtip0_.unidad_tiempo=?
Hibernate: select recargocil0_.id_cilindraje as id_cilin1_2_0_, recargocil0_.cilindraje_desde as cilindra2_2_0_, recargocil0_.cilindraje_hasta as cilindra3_2_0_, recargocil0_.tipo_vehiculo as tipo_veh4_2_0_, recargocil0_.valor as valor5_2_0_ from recargo recargocil0_ where recargocil0_.id_cilindraje=?
Hibernate: select tarifaxtip0_.tipo_vehiculo as tipo_veh1_3_, tarifaxtip0_.unidad_tiempo as unidad_t2_3_, tarifaxtip0_.valor as valor3_3_ from tarifaxtipo_vehiculo tarifaxtip0_
Hibernate: select recargocil0_.id_cilindraje as id_cilin1_2_, recargocil0_.cilindraje_desde as cilindra2_2_, recargocil0_.cilindraje_hasta as cilindra3_2_, recargocil0_.tipo_vehiculo as tipo_veh4_2_, recargocil0_.valor as valor5_2_ from recargo recargocil0_ where recargocil0_.tipo_vehiculo=? and (? between recargocil0_.cilindraje_desde and recargocil0_.cilindraje_hasta)
Hibernate: select tipovehicu0_.tipo_vehiculo as tipo_veh1_4_0_, tipovehicu0_.nombre_tipo_vehiculo as nombre_t2_4_0_ from tipo_vehiculo tipovehicu0_ where tipovehicu0_.tipo_vehiculo=?
Hibernate: select tipovehicu0_.tipo_vehiculo as tipo_veh1_4_0_, tipovehicu0_.nombre_tipo_vehiculo as nombre_t2_4_0_ from tipo_vehiculo tipovehicu0_ where tipovehicu0_.tipo_vehiculo=?
Hibernate: select estadoparq0_.estado as estado1_0_0_, estadoparq0_.nombre_estado as nombre_e2_0_0_ from estado_parqueo estadoparq0_ where estadoparq0_.estado=?
Hibernate: select estadoparq0_.estado as estado1_0_0_, estadoparq0_.nombre_estado as nombre_e2_0_0_ from estado_parqueo estadoparq0_ where estadoparq0_.estado=?
Hibernate: select tarifaxtip0_.tipo_vehiculo as tipo_veh1_3_0_, tarifaxtip0_.unidad_tiempo as unidad_t2_3_0_, tarifaxtip0_.valor as valor3_3_0_ from tarifaxtipo_vehiculo tarifaxtip0_ where tarifaxtip0_.tipo_vehiculo=? and tarifaxtip0_.unidad_tiempo=?
Hibernate: select tarifaxtip0_.tipo_vehiculo as tipo_veh1_3_0_, tarifaxtip0_.unidad_tiempo as unidad_t2_3_0_, tarifaxtip0_.valor as valor3_3_0_ from tarifaxtipo_vehiculo tarifaxtip0_ where tarifaxtip0_.tipo_vehiculo=? and tarifaxtip0_.unidad_tiempo=?
Hibernate: select tarifaxtip0_.tipo_vehiculo as tipo_veh1_3_0_, tarifaxtip0_.unidad_tiempo as unidad_t2_3_0_, tarifaxtip0_.valor as valor3_3_0_ from tarifaxtipo_vehiculo tarifaxtip0_ where tarifaxtip0_.tipo_vehiculo=? and tarifaxtip0_.unidad_tiempo=?
Hibernate: select tarifaxtip0_.tipo_vehiculo as tipo_veh1_3_0_, tarifaxtip0_.unidad_tiempo as unidad_t2_3_0_, tarifaxtip0_.valor as valor3_3_0_ from tarifaxtipo_vehiculo tarifaxtip0_ where tarifaxtip0_.tipo_vehiculo=? and tarifaxtip0_.unidad_tiempo=?
Hibernate: select recargocil0_.id_cilindraje as id_cilin1_2_0_, recargocil0_.cilindraje_desde as cilindra2_2_0_, recargocil0_.cilindraje_hasta as cilindra3_2_0_, recargocil0_.tipo_vehiculo as tipo_veh4_2_0_, recargocil0_.valor as valor5_2_0_ from recargo recargocil0_ where recargocil0_.id_cilindraje=?
Hibernate: select tarifaxtip0_.tipo_vehiculo as tipo_veh1_3_, tarifaxtip0_.unidad_tiempo as unidad_t2_3_, tarifaxtip0_.valor as valor3_3_ from tarifaxtipo_vehiculo tarifaxtip0_
Hibernate: select tipovehicu0_.tipo_vehiculo as tipo_veh1_4_0_, tipovehicu0_.nombre_tipo_vehiculo as nombre_t2_4_0_ from tipo_vehiculo tipovehicu0_ where tipovehicu0_.tipo_vehiculo=?
Hibernate: select tipovehicu0_.tipo_vehiculo as tipo_veh1_4_0_, tipovehicu0_.nombre_tipo_vehiculo as nombre_t2_4_0_ from tipo_vehiculo tipovehicu0_ where tipovehicu0_.tipo_vehiculo=?
Hibernate: select estadoparq0_.estado as estado1_0_0_, estadoparq0_.nombre_estado as nombre_e2_0_0_ from estado_parqueo estadoparq0_ where estadoparq0_.estado=?
Hibernate: select estadoparq0_.estado as estado1_0_0_, estadoparq0_.nombre_estado as nombre_e2_0_0_ from estado_parqueo estadoparq0_ where estadoparq0_.estado=?
Hibernate: select tarifaxtip0_.tipo_vehiculo as tipo_veh1_3_0_, tarifaxtip0_.unidad_tiempo as unidad_t2_3_0_, tarifaxtip0_.valor as valor3_3_0_ from tarifaxtipo_vehiculo tarifaxtip0_ where tarifaxtip0_.tipo_vehiculo=? and tarifaxtip0_.unidad_tiempo=?
Hibernate: select tarifaxtip0_.tipo_vehiculo as tipo_veh1_3_0_, tarifaxtip0_.unidad_tiempo as unidad_t2_3_0_, tarifaxtip0_.valor as valor3_3_0_ from tarifaxtipo_vehiculo tarifaxtip0_ where tarifaxtip0_.tipo_vehiculo=? and tarifaxtip0_.unidad_tiempo=?
Hibernate: select tarifaxtip0_.tipo_vehiculo as tipo_veh1_3_0_, tarifaxtip0_.unidad_tiempo as unidad_t2_3_0_, tarifaxtip0_.valor as valor3_3_0_ from tarifaxtipo_vehiculo tarifaxtip0_ where tarifaxtip0_.tipo_vehiculo=? and tarifaxtip0_.unidad_tiempo=?
Hibernate: select tarifaxtip0_.tipo_vehiculo as tipo_veh1_3_0_, tarifaxtip0_.unidad_tiempo as unidad_t2_3_0_, tarifaxtip0_.valor as valor3_3_0_ from tarifaxtipo_vehiculo tarifaxtip0_ where tarifaxtip0_.tipo_vehiculo=? and tarifaxtip0_.unidad_tiempo=?
Hibernate: select recargocil0_.id_cilindraje as id_cilin1_2_0_, recargocil0_.cilindraje_desde as cilindra2_2_0_, recargocil0_.cilindraje_hasta as cilindra3_2_0_, recargocil0_.tipo_vehiculo as tipo_veh4_2_0_, recargocil0_.valor as valor5_2_0_ from recargo recargocil0_ where recargocil0_.id_cilindraje=?
Hibernate: select tipovehicu0_.tipo_vehiculo as tipo_veh1_4_0_, tipovehicu0_.nombre_tipo_vehiculo as nombre_t2_4_0_ from tipo_vehiculo tipovehicu0_ where tipovehicu0_.tipo_vehiculo=?
Hibernate: update tipo_vehiculo set nombre_tipo_vehiculo=? where tipo_vehiculo=?
Hibernate: select tipovehicu0_.tipo_vehiculo as tipo_veh1_4_0_, tipovehicu0_.nombre_tipo_vehiculo as nombre_t2_4_0_ from tipo_vehiculo tipovehicu0_ where tipovehicu0_.tipo_vehiculo=?
Hibernate: select tipovehicu0_.tipo_vehiculo as tipo_veh1_4_0_, tipovehicu0_.nombre_tipo_vehiculo as nombre_t2_4_0_ from tipo_vehiculo tipovehicu0_ where tipovehicu0_.tipo_vehiculo=?
Hibernate: update tipo_vehiculo set nombre_tipo_vehiculo=? where tipo_vehiculo=?
Hibernate: select tipovehicu0_.tipo_vehiculo as tipo_veh1_4_0_, tipovehicu0_.nombre_tipo_vehiculo as nombre_t2_4_0_ from tipo_vehiculo tipovehicu0_ where tipovehicu0_.tipo_vehiculo=?
Hibernate: select estadoparq0_.estado as estado1_0_0_, estadoparq0_.nombre_estado as nombre_e2_0_0_ from estado_parqueo estadoparq0_ where estadoparq0_.estado=?
Hibernate: select estadoparq0_.estado as estado1_0_0_, estadoparq0_.nombre_estado as nombre_e2_0_0_ from estado_parqueo estadoparq0_ where estadoparq0_.estado=?
Hibernate: select tarifaxtip0_.tipo_vehiculo as tipo_veh1_3_0_, tarifaxtip0_.unidad_tiempo as unidad_t2_3_0_, tarifaxtip0_.valor as valor3_3_0_ from tarifaxtipo_vehiculo tarifaxtip0_ where tarifaxtip0_.tipo_vehiculo=? and tarifaxtip0_.unidad_tiempo=?
Hibernate: select tarifaxtip0_.tipo_vehiculo as tipo_veh1_3_0_, tarifaxtip0_.unidad_tiempo as unidad_t2_3_0_, tarifaxtip0_.valor as valor3_3_0_ from tarifaxtipo_vehiculo tarifaxtip0_ where tarifaxtip0_.tipo_vehiculo=? and tarifaxtip0_.unidad_tiempo=?
Hibernate: select tarifaxtip0_.tipo_vehiculo as tipo_veh1_3_0_, tarifaxtip0_.unidad_tiempo as unidad_t2_3_0_, tarifaxtip0_.valor as valor3_3_0_ from tarifaxtipo_vehiculo tarifaxtip0_ where tarifaxtip0_.tipo_vehiculo=? and tarifaxtip0_.unidad_tiempo=?
Hibernate: select tarifaxtip0_.tipo_vehiculo as tipo_veh1_3_0_, tarifaxtip0_.unidad_tiempo as unidad_t2_3_0_, tarifaxtip0_.valor as valor3_3_0_ from tarifaxtipo_vehiculo tarifaxtip0_ where tarifaxtip0_.tipo_vehiculo=? and tarifaxtip0_.unidad_tiempo=?
Hibernate: select recargocil0_.id_cilindraje as id_cilin1_2_0_, recargocil0_.cilindraje_desde as cilindra2_2_0_, recargocil0_.cilindraje_hasta as cilindra3_2_0_, recargocil0_.tipo_vehiculo as tipo_veh4_2_0_, recargocil0_.valor as valor5_2_0_ from recargo recargocil0_ where recargocil0_.id_cilindraje=?
Hibernate: select vehiculoen0_.placa as placa1_6_0_, vehiculoen0_.cilindraje as cilindra2_6_0_, vehiculoen0_.tipo_vehiculo as tipo_veh3_6_0_ from vehiculo vehiculoen0_ where vehiculoen0_.placa=?
Hibernate: select tipovehicu0_.tipo_vehiculo as tipo_veh1_4_0_, tipovehicu0_.nombre_tipo_vehiculo as nombre_t2_4_0_ from tipo_vehiculo tipovehicu0_ where tipovehicu0_.tipo_vehiculo=?
Hibernate: insert into vehiculo (cilindraje, tipo_vehiculo, placa) values (?, ?, ?)
Hibernate: select gestionveh0_.secuencia_parqueo_vehiculo as secuenci1_1_, gestionveh0_.estado_parqueo as estado_p5_1_, gestionveh0_.fecha_ingreso as fecha_in2_1_, gestionveh0_.fecha_salida as fecha_sa3_1_, gestionveh0_.valor as valor4_1_, gestionveh0_.vehiculo as vehiculo6_1_ from gestion_vehiculo gestionveh0_ where gestionveh0_.estado_parqueo=1
Hibernate: select gestionveh0_.secuencia_parqueo_vehiculo as secuenci1_1_, gestionveh0_.estado_parqueo as estado_p5_1_, gestionveh0_.fecha_ingreso as fecha_in2_1_, gestionveh0_.fecha_salida as fecha_sa3_1_, gestionveh0_.valor as valor4_1_, gestionveh0_.vehiculo as vehiculo6_1_ from gestion_vehiculo gestionveh0_ where gestionveh0_.vehiculo=? and gestionveh0_.estado_parqueo=?
Hibernate: select gestionveh0_.secuencia_parqueo_vehiculo as secuenci1_1_0_, gestionveh0_.estado_parqueo as estado_p5_1_0_, gestionveh0_.fecha_ingreso as fecha_in2_1_0_, gestionveh0_.fecha_salida as fecha_sa3_1_0_, gestionveh0_.valor as valor4_1_0_, gestionveh0_.vehiculo as vehiculo6_1_0_ from gestion_vehiculo gestionveh0_ where gestionveh0_.secuencia_parqueo_vehiculo=?
Hibernate: select estadoparq0_.estado as estado1_0_0_, estadoparq0_.nombre_estado as nombre_e2_0_0_ from estado_parqueo estadoparq0_ where estadoparq0_.estado=?
Hibernate: select vehiculoen0_.placa as placa1_6_0_, vehiculoen0_.cilindraje as cilindra2_6_0_, vehiculoen0_.tipo_vehiculo as tipo_veh3_6_0_, tipovehicu1_.tipo_vehiculo as tipo_veh1_4_1_, tipovehicu1_.nombre_tipo_vehiculo as nombre_t2_4_1_ from vehiculo vehiculoen0_ left outer join tipo_vehiculo tipovehicu1_ on vehiculoen0_.tipo_vehiculo=tipovehicu1_.tipo_vehiculo where vehiculoen0_.placa=?
Hibernate: call next value for hibernate_sequence
Hibernate: insert into gestion_vehiculo (estado_parqueo, fecha_ingreso, fecha_salida, valor, vehiculo, secuencia_parqueo_vehiculo) values (?, ?, ?, ?, ?, ?)
Hibernate: select vehiculoen0_.placa as placa1_6_0_, vehiculoen0_.cilindraje as cilindra2_6_0_, vehiculoen0_.tipo_vehiculo as tipo_veh3_6_0_ from vehiculo vehiculoen0_ where vehiculoen0_.placa=?
Hibernate: select tipovehicu0_.tipo_vehiculo as tipo_veh1_4_0_, tipovehicu0_.nombre_tipo_vehiculo as nombre_t2_4_0_ from tipo_vehiculo tipovehicu0_ where tipovehicu0_.tipo_vehiculo=?
Hibernate: insert into vehiculo (cilindraje, tipo_vehiculo, placa) values (?, ?, ?)
Hibernate: select gestionveh0_.secuencia_parqueo_vehiculo as secuenci1_1_, gestionveh0_.estado_parqueo as estado_p5_1_, gestionveh0_.fecha_ingreso as fecha_in2_1_, gestionveh0_.fecha_salida as fecha_sa3_1_, gestionveh0_.valor as valor4_1_, gestionveh0_.vehiculo as vehiculo6_1_ from gestion_vehiculo gestionveh0_ where gestionveh0_.estado_parqueo=1
Hibernate: select estadoparq0_.estado as estado1_0_0_, estadoparq0_.nombre_estado as nombre_e2_0_0_ from estado_parqueo estadoparq0_ where estadoparq0_.estado=?
Hibernate: select vehiculoen0_.placa as placa1_6_0_, vehiculoen0_.cilindraje as cilindra2_6_0_, vehiculoen0_.tipo_vehiculo as tipo_veh3_6_0_, tipovehicu1_.tipo_vehiculo as tipo_veh1_4_1_, tipovehicu1_.nombre_tipo_vehiculo as nombre_t2_4_1_ from vehiculo vehiculoen0_ left outer join tipo_vehiculo tipovehicu1_ on vehiculoen0_.tipo_vehiculo=tipovehicu1_.tipo_vehiculo where vehiculoen0_.placa=?
Hibernate: select gestionveh0_.secuencia_parqueo_vehiculo as secuenci1_1_, gestionveh0_.estado_parqueo as estado_p5_1_, gestionveh0_.fecha_ingreso as fecha_in2_1_, gestionveh0_.fecha_salida as fecha_sa3_1_, gestionveh0_.valor as valor4_1_, gestionveh0_.vehiculo as vehiculo6_1_ from gestion_vehiculo gestionveh0_ where gestionveh0_.vehiculo=? and gestionveh0_.estado_parqueo=?
Hibernate: select gestionveh0_.secuencia_parqueo_vehiculo as secuenci1_1_0_, gestionveh0_.estado_parqueo as estado_p5_1_0_, gestionveh0_.fecha_ingreso as fecha_in2_1_0_, gestionveh0_.fecha_salida as fecha_sa3_1_0_, gestionveh0_.valor as valor4_1_0_, gestionveh0_.vehiculo as vehiculo6_1_0_ from gestion_vehiculo gestionveh0_ where gestionveh0_.secuencia_parqueo_vehiculo=?
Hibernate: select estadoparq0_.estado as estado1_0_0_, estadoparq0_.nombre_estado as nombre_e2_0_0_ from estado_parqueo estadoparq0_ where estadoparq0_.estado=?
Hibernate: select vehiculoen0_.placa as placa1_6_0_, vehiculoen0_.cilindraje as cilindra2_6_0_, vehiculoen0_.tipo_vehiculo as tipo_veh3_6_0_, tipovehicu1_.tipo_vehiculo as tipo_veh1_4_1_, tipovehicu1_.nombre_tipo_vehiculo as nombre_t2_4_1_ from vehiculo vehiculoen0_ left outer join tipo_vehiculo tipovehicu1_ on vehiculoen0_.tipo_vehiculo=tipovehicu1_.tipo_vehiculo where vehiculoen0_.placa=?
Hibernate: call next value for hibernate_sequence
Hibernate: insert into gestion_vehiculo (estado_parqueo, fecha_ingreso, fecha_salida, valor, vehiculo, secuencia_parqueo_vehiculo) values (?, ?, ?, ?, ?, ?)
Hibernate: select vehiculoen0_.placa as placa1_6_0_, vehiculoen0_.cilindraje as cilindra2_6_0_, vehiculoen0_.tipo_vehiculo as tipo_veh3_6_0_ from vehiculo vehiculoen0_ where vehiculoen0_.placa=?
Hibernate: select tipovehicu0_.tipo_vehiculo as tipo_veh1_4_0_, tipovehicu0_.nombre_tipo_vehiculo as nombre_t2_4_0_ from tipo_vehiculo tipovehicu0_ where tipovehicu0_.tipo_vehiculo=?
Hibernate: insert into vehiculo (cilindraje, tipo_vehiculo, placa) values (?, ?, ?)
Hibernate: select gestionveh0_.secuencia_parqueo_vehiculo as secuenci1_1_, gestionveh0_.estado_parqueo as estado_p5_1_, gestionveh0_.fecha_ingreso as fecha_in2_1_, gestionveh0_.fecha_salida as fecha_sa3_1_, gestionveh0_.valor as valor4_1_, gestionveh0_.vehiculo as vehiculo6_1_ from gestion_vehiculo gestionveh0_ where gestionveh0_.estado_parqueo=1
Hibernate: select estadoparq0_.estado as estado1_0_0_, estadoparq0_.nombre_estado as nombre_e2_0_0_ from estado_parqueo estadoparq0_ where estadoparq0_.estado=?
Hibernate: select vehiculoen0_.placa as placa1_6_0_, vehiculoen0_.cilindraje as cilindra2_6_0_, vehiculoen0_.tipo_vehiculo as tipo_veh3_6_0_, tipovehicu1_.tipo_vehiculo as tipo_veh1_4_1_, tipovehicu1_.nombre_tipo_vehiculo as nombre_t2_4_1_ from vehiculo vehiculoen0_ left outer join tipo_vehiculo tipovehicu1_ on vehiculoen0_.tipo_vehiculo=tipovehicu1_.tipo_vehiculo where vehiculoen0_.placa=?
Hibernate: select vehiculoen0_.placa as placa1_6_0_, vehiculoen0_.cilindraje as cilindra2_6_0_, vehiculoen0_.tipo_vehiculo as tipo_veh3_6_0_, tipovehicu1_.tipo_vehiculo as tipo_veh1_4_1_, tipovehicu1_.nombre_tipo_vehiculo as nombre_t2_4_1_ from vehiculo vehiculoen0_ left outer join tipo_vehiculo tipovehicu1_ on vehiculoen0_.tipo_vehiculo=tipovehicu1_.tipo_vehiculo where vehiculoen0_.placa=?
Hibernate: select gestionveh0_.secuencia_parqueo_vehiculo as secuenci1_1_, gestionveh0_.estado_parqueo as estado_p5_1_, gestionveh0_.fecha_ingreso as fecha_in2_1_, gestionveh0_.fecha_salida as fecha_sa3_1_, gestionveh0_.valor as valor4_1_, gestionveh0_.vehiculo as vehiculo6_1_ from gestion_vehiculo gestionveh0_ where gestionveh0_.vehiculo=? and gestionveh0_.estado_parqueo=?
Hibernate: select gestionveh0_.secuencia_parqueo_vehiculo as secuenci1_1_0_, gestionveh0_.estado_parqueo as estado_p5_1_0_, gestionveh0_.fecha_ingreso as fecha_in2_1_0_, gestionveh0_.fecha_salida as fecha_sa3_1_0_, gestionveh0_.valor as valor4_1_0_, gestionveh0_.vehiculo as vehiculo6_1_0_ from gestion_vehiculo gestionveh0_ where gestionveh0_.secuencia_parqueo_vehiculo=?
Hibernate: select estadoparq0_.estado as estado1_0_0_, estadoparq0_.nombre_estado as nombre_e2_0_0_ from estado_parqueo estadoparq0_ where estadoparq0_.estado=?
Hibernate: select vehiculoen0_.placa as placa1_6_0_, vehiculoen0_.cilindraje as cilindra2_6_0_, vehiculoen0_.tipo_vehiculo as tipo_veh3_6_0_, tipovehicu1_.tipo_vehiculo as tipo_veh1_4_1_, tipovehicu1_.nombre_tipo_vehiculo as nombre_t2_4_1_ from vehiculo vehiculoen0_ left outer join tipo_vehiculo tipovehicu1_ on vehiculoen0_.tipo_vehiculo=tipovehicu1_.tipo_vehiculo where vehiculoen0_.placa=?
Hibernate: call next value for hibernate_sequence
Hibernate: insert into gestion_vehiculo (estado_parqueo, fecha_ingreso, fecha_salida, valor, vehiculo, secuencia_parqueo_vehiculo) values (?, ?, ?, ?, ?, ?)
Hibernate: select vehiculoen0_.placa as placa1_6_0_, vehiculoen0_.cilindraje as cilindra2_6_0_, vehiculoen0_.tipo_vehiculo as tipo_veh3_6_0_ from vehiculo vehiculoen0_ where vehiculoen0_.placa=?
Hibernate: select tipovehicu0_.tipo_vehiculo as tipo_veh1_4_0_, tipovehicu0_.nombre_tipo_vehiculo as nombre_t2_4_0_ from tipo_vehiculo tipovehicu0_ where tipovehicu0_.tipo_vehiculo=?
Hibernate: insert into vehiculo (cilindraje, tipo_vehiculo, placa) values (?, ?, ?)
Hibernate: select gestionveh0_.secuencia_parqueo_vehiculo as secuenci1_1_, gestionveh0_.estado_parqueo as estado_p5_1_, gestionveh0_.fecha_ingreso as fecha_in2_1_, gestionveh0_.fecha_salida as fecha_sa3_1_, gestionveh0_.valor as valor4_1_, gestionveh0_.vehiculo as vehiculo6_1_ from gestion_vehiculo gestionveh0_ where gestionveh0_.estado_parqueo=1
Hibernate: select estadoparq0_.estado as estado1_0_0_, estadoparq0_.nombre_estado as nombre_e2_0_0_ from estado_parqueo estadoparq0_ where estadoparq0_.estado=?
Hibernate: select vehiculoen0_.placa as placa1_6_0_, vehiculoen0_.cilindraje as cilindra2_6_0_, vehiculoen0_.tipo_vehiculo as tipo_veh3_6_0_, tipovehicu1_.tipo_vehiculo as tipo_veh1_4_1_, tipovehicu1_.nombre_tipo_vehiculo as nombre_t2_4_1_ from vehiculo vehiculoen0_ left outer join tipo_vehiculo tipovehicu1_ on vehiculoen0_.tipo_vehiculo=tipovehicu1_.tipo_vehiculo where vehiculoen0_.placa=?
Hibernate: select vehiculoen0_.placa as placa1_6_0_, vehiculoen0_.cilindraje as cilindra2_6_0_, vehiculoen0_.tipo_vehiculo as tipo_veh3_6_0_, tipovehicu1_.tipo_vehiculo as tipo_veh1_4_1_, tipovehicu1_.nombre_tipo_vehiculo as nombre_t2_4_1_ from vehiculo vehiculoen0_ left outer join tipo_vehiculo tipovehicu1_ on vehiculoen0_.tipo_vehiculo=tipovehicu1_.tipo_vehiculo where vehiculoen0_.placa=?
Hibernate: select vehiculoen0_.placa as placa1_6_0_, vehiculoen0_.cilindraje as cilindra2_6_0_, vehiculoen0_.tipo_vehiculo as tipo_veh3_6_0_, tipovehicu1_.tipo_vehiculo as tipo_veh1_4_1_, tipovehicu1_.nombre_tipo_vehiculo as nombre_t2_4_1_ from vehiculo vehiculoen0_ left outer join tipo_vehiculo tipovehicu1_ on vehiculoen0_.tipo_vehiculo=tipovehicu1_.tipo_vehiculo where vehiculoen0_.placa=?
Hibernate: select gestionveh0_.secuencia_parqueo_vehiculo as secuenci1_1_, gestionveh0_.estado_parqueo as estado_p5_1_, gestionveh0_.fecha_ingreso as fecha_in2_1_, gestionveh0_.fecha_salida as fecha_sa3_1_, gestionveh0_.valor as valor4_1_, gestionveh0_.vehiculo as vehiculo6_1_ from gestion_vehiculo gestionveh0_ where gestionveh0_.vehiculo=? and gestionveh0_.estado_parqueo=?
Hibernate: select gestionveh0_.secuencia_parqueo_vehiculo as secuenci1_1_0_, gestionveh0_.estado_parqueo as estado_p5_1_0_, gestionveh0_.fecha_ingreso as fecha_in2_1_0_, gestionveh0_.fecha_salida as fecha_sa3_1_0_, gestionveh0_.valor as valor4_1_0_, gestionveh0_.vehiculo as vehiculo6_1_0_ from gestion_vehiculo gestionveh0_ where gestionveh0_.secuencia_parqueo_vehiculo=?
Hibernate: select estadoparq0_.estado as estado1_0_0_, estadoparq0_.nombre_estado as nombre_e2_0_0_ from estado_parqueo estadoparq0_ where estadoparq0_.estado=?
Hibernate: select vehiculoen0_.placa as placa1_6_0_, vehiculoen0_.cilindraje as cilindra2_6_0_, vehiculoen0_.tipo_vehiculo as tipo_veh3_6_0_, tipovehicu1_.tipo_vehiculo as tipo_veh1_4_1_, tipovehicu1_.nombre_tipo_vehiculo as nombre_t2_4_1_ from vehiculo vehiculoen0_ left outer join tipo_vehiculo tipovehicu1_ on vehiculoen0_.tipo_vehiculo=tipovehicu1_.tipo_vehiculo where vehiculoen0_.placa=?
Hibernate: call next value for hibernate_sequence
Hibernate: insert into gestion_vehiculo (estado_parqueo, fecha_ingreso, fecha_salida, valor, vehiculo, secuencia_parqueo_vehiculo) values (?, ?, ?, ?, ?, ?)
Hibernate: select vehiculoen0_.placa as placa1_6_0_, vehiculoen0_.cilindraje as cilindra2_6_0_, vehiculoen0_.tipo_vehiculo as tipo_veh3_6_0_ from vehiculo vehiculoen0_ where vehiculoen0_.placa=?
Hibernate: select tipovehicu0_.tipo_vehiculo as tipo_veh1_4_0_, tipovehicu0_.nombre_tipo_vehiculo as nombre_t2_4_0_ from tipo_vehiculo tipovehicu0_ where tipovehicu0_.tipo_vehiculo=?
Hibernate: insert into vehiculo (cilindraje, tipo_vehiculo, placa) values (?, ?, ?)
Hibernate: select gestionveh0_.secuencia_parqueo_vehiculo as secuenci1_1_, gestionveh0_.estado_parqueo as estado_p5_1_, gestionveh0_.fecha_ingreso as fecha_in2_1_, gestionveh0_.fecha_salida as fecha_sa3_1_, gestionveh0_.valor as valor4_1_, gestionveh0_.vehiculo as vehiculo6_1_ from gestion_vehiculo gestionveh0_ where gestionveh0_.estado_parqueo=1
Hibernate: select estadoparq0_.estado as estado1_0_0_, estadoparq0_.nombre_estado as nombre_e2_0_0_ from estado_parqueo estadoparq0_ where estadoparq0_.estado=?
Hibernate: select vehiculoen0_.placa as placa1_6_0_, vehiculoen0_.cilindraje as cilindra2_6_0_, vehiculoen0_.tipo_vehiculo as tipo_veh3_6_0_, tipovehicu1_.tipo_vehiculo as tipo_veh1_4_1_, tipovehicu1_.nombre_tipo_vehiculo as nombre_t2_4_1_ from vehiculo vehiculoen0_ left outer join tipo_vehiculo tipovehicu1_ on vehiculoen0_.tipo_vehiculo=tipovehicu1_.tipo_vehiculo where vehiculoen0_.placa=?
Hibernate: select vehiculoen0_.placa as placa1_6_0_, vehiculoen0_.cilindraje as cilindra2_6_0_, vehiculoen0_.tipo_vehiculo as tipo_veh3_6_0_, tipovehicu1_.tipo_vehiculo as tipo_veh1_4_1_, tipovehicu1_.nombre_tipo_vehiculo as nombre_t2_4_1_ from vehiculo vehiculoen0_ left outer join tipo_vehiculo tipovehicu1_ on vehiculoen0_.tipo_vehiculo=tipovehicu1_.tipo_vehiculo where vehiculoen0_.placa=?
Hibernate: select vehiculoen0_.placa as placa1_6_0_, vehiculoen0_.cilindraje as cilindra2_6_0_, vehiculoen0_.tipo_vehiculo as tipo_veh3_6_0_, tipovehicu1_.tipo_vehiculo as tipo_veh1_4_1_, tipovehicu1_.nombre_tipo_vehiculo as nombre_t2_4_1_ from vehiculo vehiculoen0_ left outer join tipo_vehiculo tipovehicu1_ on vehiculoen0_.tipo_vehiculo=tipovehicu1_.tipo_vehiculo where vehiculoen0_.placa=?
Hibernate: select vehiculoen0_.placa as placa1_6_0_, vehiculoen0_.cilindraje as cilindra2_6_0_, vehiculoen0_.tipo_vehiculo as tipo_veh3_6_0_, tipovehicu1_.tipo_vehiculo as tipo_veh1_4_1_, tipovehicu1_.nombre_tipo_vehiculo as nombre_t2_4_1_ from vehiculo vehiculoen0_ left outer join tipo_vehiculo tipovehicu1_ on vehiculoen0_.tipo_vehiculo=tipovehicu1_.tipo_vehiculo where vehiculoen0_.placa=?
Hibernate: select gestionveh0_.secuencia_parqueo_vehiculo as secuenci1_1_, gestionveh0_.estado_parqueo as estado_p5_1_, gestionveh0_.fecha_ingreso as fecha_in2_1_, gestionveh0_.fecha_salida as fecha_sa3_1_, gestionveh0_.valor as valor4_1_, gestionveh0_.vehiculo as vehiculo6_1_ from gestion_vehiculo gestionveh0_ where gestionveh0_.vehiculo=? and gestionveh0_.estado_parqueo=?
Hibernate: select gestionveh0_.secuencia_parqueo_vehiculo as secuenci1_1_0_, gestionveh0_.estado_parqueo as estado_p5_1_0_, gestionveh0_.fecha_ingreso as fecha_in2_1_0_, gestionveh0_.fecha_salida as fecha_sa3_1_0_, gestionveh0_.valor as valor4_1_0_, gestionveh0_.vehiculo as vehiculo6_1_0_ from gestion_vehiculo gestionveh0_ where gestionveh0_.secuencia_parqueo_vehiculo=?
Hibernate: select estadoparq0_.estado as estado1_0_0_, estadoparq0_.nombre_estado as nombre_e2_0_0_ from estado_parqueo estadoparq0_ where estadoparq0_.estado=?
Hibernate: select vehiculoen0_.placa as placa1_6_0_, vehiculoen0_.cilindraje as cilindra2_6_0_, vehiculoen0_.tipo_vehiculo as tipo_veh3_6_0_, tipovehicu1_.tipo_vehiculo as tipo_veh1_4_1_, tipovehicu1_.nombre_tipo_vehiculo as nombre_t2_4_1_ from vehiculo vehiculoen0_ left outer join tipo_vehiculo tipovehicu1_ on vehiculoen0_.tipo_vehiculo=tipovehicu1_.tipo_vehiculo where vehiculoen0_.placa=?
Hibernate: call next value for hibernate_sequence
Hibernate: insert into gestion_vehiculo (estado_parqueo, fecha_ingreso, fecha_salida, valor, vehiculo, secuencia_parqueo_vehiculo) values (?, ?, ?, ?, ?, ?)
Hibernate: select vehiculoen0_.placa as placa1_6_0_, vehiculoen0_.cilindraje as cilindra2_6_0_, vehiculoen0_.tipo_vehiculo as tipo_veh3_6_0_ from vehiculo vehiculoen0_ where vehiculoen0_.placa=?
Hibernate: select tipovehicu0_.tipo_vehiculo as tipo_veh1_4_0_, tipovehicu0_.nombre_tipo_vehiculo as nombre_t2_4_0_ from tipo_vehiculo tipovehicu0_ where tipovehicu0_.tipo_vehiculo=?
Hibernate: insert into vehiculo (cilindraje, tipo_vehiculo, placa) values (?, ?, ?)
Hibernate: select gestionveh0_.secuencia_parqueo_vehiculo as secuenci1_1_, gestionveh0_.estado_parqueo as estado_p5_1_, gestionveh0_.fecha_ingreso as fecha_in2_1_, gestionveh0_.fecha_salida as fecha_sa3_1_, gestionveh0_.valor as valor4_1_, gestionveh0_.vehiculo as vehiculo6_1_ from gestion_vehiculo gestionveh0_ where gestionveh0_.estado_parqueo=1
Hibernate: select estadoparq0_.estado as estado1_0_0_, estadoparq0_.nombre_estado as nombre_e2_0_0_ from estado_parqueo estadoparq0_ where estadoparq0_.estado=?
Hibernate: select vehiculoen0_.placa as placa1_6_0_, vehiculoen0_.cilindraje as cilindra2_6_0_, vehiculoen0_.tipo_vehiculo as tipo_veh3_6_0_, tipovehicu1_.tipo_vehiculo as tipo_veh1_4_1_, tipovehicu1_.nombre_tipo_vehiculo as nombre_t2_4_1_ from vehiculo vehiculoen0_ left outer join tipo_vehiculo tipovehicu1_ on vehiculoen0_.tipo_vehiculo=tipovehicu1_.tipo_vehiculo where vehiculoen0_.placa=?
Hibernate: select vehiculoen0_.placa as placa1_6_0_, vehiculoen0_.cilindraje as cilindra2_6_0_, vehiculoen0_.tipo_vehiculo as tipo_veh3_6_0_, tipovehicu1_.tipo_vehiculo as tipo_veh1_4_1_, tipovehicu1_.nombre_tipo_vehiculo as nombre_t2_4_1_ from vehiculo vehiculoen0_ left outer join tipo_vehiculo tipovehicu1_ on vehiculoen0_.tipo_vehiculo=tipovehicu1_.tipo_vehiculo where vehiculoen0_.placa=?
Hibernate: select vehiculoen0_.placa as placa1_6_0_, vehiculoen0_.cilindraje as cilindra2_6_0_, vehiculoen0_.tipo_vehiculo as tipo_veh3_6_0_, tipovehicu1_.tipo_vehiculo as tipo_veh1_4_1_, tipovehicu1_.nombre_tipo_vehiculo as nombre_t2_4_1_ from vehiculo vehiculoen0_ left outer join tipo_vehiculo tipovehicu1_ on vehiculoen0_.tipo_vehiculo=tipovehicu1_.tipo_vehiculo where vehiculoen0_.placa=?
Hibernate: select vehiculoen0_.placa as placa1_6_0_, vehiculoen0_.cilindraje as cilindra2_6_0_, vehiculoen0_.tipo_vehiculo as tipo_veh3_6_0_, tipovehicu1_.tipo_vehiculo as tipo_veh1_4_1_, tipovehicu1_.nombre_tipo_vehiculo as nombre_t2_4_1_ from vehiculo vehiculoen0_ left outer join tipo_vehiculo tipovehicu1_ on vehiculoen0_.tipo_vehiculo=tipovehicu1_.tipo_vehiculo where vehiculoen0_.placa=?
Hibernate: select vehiculoen0_.placa as placa1_6_0_, vehiculoen0_.cilindraje as cilindra2_6_0_, vehiculoen0_.tipo_vehiculo as tipo_veh3_6_0_, tipovehicu1_.tipo_vehiculo as tipo_veh1_4_1_, tipovehicu1_.nombre_tipo_vehiculo as nombre_t2_4_1_ from vehiculo vehiculoen0_ left outer join tipo_vehiculo tipovehicu1_ on vehiculoen0_.tipo_vehiculo=tipovehicu1_.tipo_vehiculo where vehiculoen0_.placa=?
Hibernate: select gestionveh0_.secuencia_parqueo_vehiculo as secuenci1_1_, gestionveh0_.estado_parqueo as estado_p5_1_, gestionveh0_.fecha_ingreso as fecha_in2_1_, gestionveh0_.fecha_salida as fecha_sa3_1_, gestionveh0_.valor as valor4_1_, gestionveh0_.vehiculo as vehiculo6_1_ from gestion_vehiculo gestionveh0_ where gestionveh0_.vehiculo=? and gestionveh0_.estado_parqueo=?
Hibernate: select gestionveh0_.secuencia_parqueo_vehiculo as secuenci1_1_0_, gestionveh0_.estado_parqueo as estado_p5_1_0_, gestionveh0_.fecha_ingreso as fecha_in2_1_0_, gestionveh0_.fecha_salida as fecha_sa3_1_0_, gestionveh0_.valor as valor4_1_0_, gestionveh0_.vehiculo as vehiculo6_1_0_ from gestion_vehiculo gestionveh0_ where gestionveh0_.secuencia_parqueo_vehiculo=?
Hibernate: select estadoparq0_.estado as estado1_0_0_, estadoparq0_.nombre_estado as nombre_e2_0_0_ from estado_parqueo estadoparq0_ where estadoparq0_.estado=?
Hibernate: select vehiculoen0_.placa as placa1_6_0_, vehiculoen0_.cilindraje as cilindra2_6_0_, vehiculoen0_.tipo_vehiculo as tipo_veh3_6_0_, tipovehicu1_.tipo_vehiculo as tipo_veh1_4_1_, tipovehicu1_.nombre_tipo_vehiculo as nombre_t2_4_1_ from vehiculo vehiculoen0_ left outer join tipo_vehiculo tipovehicu1_ on vehiculoen0_.tipo_vehiculo=tipovehicu1_.tipo_vehiculo where vehiculoen0_.placa=?
Hibernate: call next value for hibernate_sequence
Hibernate: insert into gestion_vehiculo (estado_parqueo, fecha_ingreso, fecha_salida, valor, vehiculo, secuencia_parqueo_vehiculo) values (?, ?, ?, ?, ?, ?)
Hibernate: select vehiculoen0_.placa as placa1_6_0_, vehiculoen0_.cilindraje as cilindra2_6_0_, vehiculoen0_.tipo_vehiculo as tipo_veh3_6_0_ from vehiculo vehiculoen0_ where vehiculoen0_.placa=?
Hibernate: select tipovehicu0_.tipo_vehiculo as tipo_veh1_4_0_, tipovehicu0_.nombre_tipo_vehiculo as nombre_t2_4_0_ from tipo_vehiculo tipovehicu0_ where tipovehicu0_.tipo_vehiculo=?
Hibernate: insert into vehiculo (cilindraje, tipo_vehiculo, placa) values (?, ?, ?)
Hibernate: select gestionveh0_.secuencia_parqueo_vehiculo as secuenci1_1_, gestionveh0_.estado_parqueo as estado_p5_1_, gestionveh0_.fecha_ingreso as fecha_in2_1_, gestionveh0_.fecha_salida as fecha_sa3_1_, gestionveh0_.valor as valor4_1_, gestionveh0_.vehiculo as vehiculo6_1_ from gestion_vehiculo gestionveh0_ where gestionveh0_.estado_parqueo=1
Hibernate: select estadoparq0_.estado as estado1_0_0_, estadoparq0_.nombre_estado as nombre_e2_0_0_ from estado_parqueo estadoparq0_ where estadoparq0_.estado=?
Hibernate: select vehiculoen0_.placa as placa1_6_0_, vehiculoen0_.cilindraje as cilindra2_6_0_, vehiculoen0_.tipo_vehiculo as tipo_veh3_6_0_, tipovehicu1_.tipo_vehiculo as tipo_veh1_4_1_, tipovehicu1_.nombre_tipo_vehiculo as nombre_t2_4_1_ from vehiculo vehiculoen0_ left outer join tipo_vehiculo tipovehicu1_ on vehiculoen0_.tipo_vehiculo=tipovehicu1_.tipo_vehiculo where vehiculoen0_.placa=?
Hibernate: select vehiculoen0_.placa as placa1_6_0_, vehiculoen0_.cilindraje as cilindra2_6_0_, vehiculoen0_.tipo_vehiculo as tipo_veh3_6_0_, tipovehicu1_.tipo_vehiculo as tipo_veh1_4_1_, tipovehicu1_.nombre_tipo_vehiculo as nombre_t2_4_1_ from vehiculo vehiculoen0_ left outer join tipo_vehiculo tipovehicu1_ on vehiculoen0_.tipo_vehiculo=tipovehicu1_.tipo_vehiculo where vehiculoen0_.placa=?
Hibernate: select vehiculoen0_.placa as placa1_6_0_, vehiculoen0_.cilindraje as cilindra2_6_0_, vehiculoen0_.tipo_vehiculo as tipo_veh3_6_0_, tipovehicu1_.tipo_vehiculo as tipo_veh1_4_1_, tipovehicu1_.nombre_tipo_vehiculo as nombre_t2_4_1_ from vehiculo vehiculoen0_ left outer join tipo_vehiculo tipovehicu1_ on vehiculoen0_.tipo_vehiculo=tipovehicu1_.tipo_vehiculo where vehiculoen0_.placa=?
Hibernate: select vehiculoen0_.placa as placa1_6_0_, vehiculoen0_.cilindraje as cilindra2_6_0_, vehiculoen0_.tipo_vehiculo as tipo_veh3_6_0_, tipovehicu1_.tipo_vehiculo as tipo_veh1_4_1_, tipovehicu1_.nombre_tipo_vehiculo as nombre_t2_4_1_ from vehiculo vehiculoen0_ left outer join tipo_vehiculo tipovehicu1_ on vehiculoen0_.tipo_vehiculo=tipovehicu1_.tipo_vehiculo where vehiculoen0_.placa=?
Hibernate: select vehiculoen0_.placa as placa1_6_0_, vehiculoen0_.cilindraje as cilindra2_6_0_, vehiculoen0_.tipo_vehiculo as tipo_veh3_6_0_, tipovehicu1_.tipo_vehiculo as tipo_veh1_4_1_, tipovehicu1_.nombre_tipo_vehiculo as nombre_t2_4_1_ from vehiculo vehiculoen0_ left outer join tipo_vehiculo tipovehicu1_ on vehiculoen0_.tipo_vehiculo=tipovehicu1_.tipo_vehiculo where vehiculoen0_.placa=?
Hibernate: select vehiculoen0_.placa as placa1_6_0_, vehiculoen0_.cilindraje as cilindra2_6_0_, vehiculoen0_.tipo_vehiculo as tipo_veh3_6_0_, tipovehicu1_.tipo_vehiculo as tipo_veh1_4_1_, tipovehicu1_.nombre_tipo_vehiculo as nombre_t2_4_1_ from vehiculo vehiculoen0_ left outer join tipo_vehiculo tipovehicu1_ on vehiculoen0_.tipo_vehiculo=tipovehicu1_.tipo_vehiculo where vehiculoen0_.placa=?
Hibernate: select gestionveh0_.secuencia_parqueo_vehiculo as secuenci1_1_, gestionveh0_.estado_parqueo as estado_p5_1_, gestionveh0_.fecha_ingreso as fecha_in2_1_, gestionveh0_.fecha_salida as fecha_sa3_1_, gestionveh0_.valor as valor4_1_, gestionveh0_.vehiculo as vehiculo6_1_ from gestion_vehiculo gestionveh0_ where gestionveh0_.vehiculo=? and gestionveh0_.estado_parqueo=?
Hibernate: select gestionveh0_.secuencia_parqueo_vehiculo as secuenci1_1_0_, gestionveh0_.estado_parqueo as estado_p5_1_0_, gestionveh0_.fecha_ingreso as fecha_in2_1_0_, gestionveh0_.fecha_salida as fecha_sa3_1_0_, gestionveh0_.valor as valor4_1_0_, gestionveh0_.vehiculo as vehiculo6_1_0_ from gestion_vehiculo gestionveh0_ where gestionveh0_.secuencia_parqueo_vehiculo=?
Hibernate: select estadoparq0_.estado as estado1_0_0_, estadoparq0_.nombre_estado as nombre_e2_0_0_ from estado_parqueo estadoparq0_ where estadoparq0_.estado=?
Hibernate: select vehiculoen0_.placa as placa1_6_0_, vehiculoen0_.cilindraje as cilindra2_6_0_, vehiculoen0_.tipo_vehiculo as tipo_veh3_6_0_, tipovehicu1_.tipo_vehiculo as tipo_veh1_4_1_, tipovehicu1_.nombre_tipo_vehiculo as nombre_t2_4_1_ from vehiculo vehiculoen0_ left outer join tipo_vehiculo tipovehicu1_ on vehiculoen0_.tipo_vehiculo=tipovehicu1_.tipo_vehiculo where vehiculoen0_.placa=?
Hibernate: call next value for hibernate_sequence
Hibernate: insert into gestion_vehiculo (estado_parqueo, fecha_ingreso, fecha_salida, valor, vehiculo, secuencia_parqueo_vehiculo) values (?, ?, ?, ?, ?, ?)
Hibernate: select vehiculoen0_.placa as placa1_6_0_, vehiculoen0_.cilindraje as cilindra2_6_0_, vehiculoen0_.tipo_vehiculo as tipo_veh3_6_0_ from vehiculo vehiculoen0_ where vehiculoen0_.placa=?
Hibernate: select tipovehicu0_.tipo_vehiculo as tipo_veh1_4_0_, tipovehicu0_.nombre_tipo_vehiculo as nombre_t2_4_0_ from tipo_vehiculo tipovehicu0_ where tipovehicu0_.tipo_vehiculo=?
Hibernate: insert into vehiculo (cilindraje, tipo_vehiculo, placa) values (?, ?, ?)
Hibernate: select gestionveh0_.secuencia_parqueo_vehiculo as secuenci1_1_, gestionveh0_.estado_parqueo as estado_p5_1_, gestionveh0_.fecha_ingreso as fecha_in2_1_, gestionveh0_.fecha_salida as fecha_sa3_1_, gestionveh0_.valor as valor4_1_, gestionveh0_.vehiculo as vehiculo6_1_ from gestion_vehiculo gestionveh0_ where gestionveh0_.estado_parqueo=1
Hibernate: select estadoparq0_.estado as estado1_0_0_, estadoparq0_.nombre_estado as nombre_e2_0_0_ from estado_parqueo estadoparq0_ where estadoparq0_.estado=?
Hibernate: select vehiculoen0_.placa as placa1_6_0_, vehiculoen0_.cilindraje as cilindra2_6_0_, vehiculoen0_.tipo_vehiculo as tipo_veh3_6_0_, tipovehicu1_.tipo_vehiculo as tipo_veh1_4_1_, tipovehicu1_.nombre_tipo_vehiculo as nombre_t2_4_1_ from vehiculo vehiculoen0_ left outer join tipo_vehiculo tipovehicu1_ on vehiculoen0_.tipo_vehiculo=tipovehicu1_.tipo_vehiculo where vehiculoen0_.placa=?
Hibernate: select vehiculoen0_.placa as placa1_6_0_, vehiculoen0_.cilindraje as cilindra2_6_0_, vehiculoen0_.tipo_vehiculo as tipo_veh3_6_0_, tipovehicu1_.tipo_vehiculo as tipo_veh1_4_1_, tipovehicu1_.nombre_tipo_vehiculo as nombre_t2_4_1_ from vehiculo vehiculoen0_ left outer join tipo_vehiculo tipovehicu1_ on vehiculoen0_.tipo_vehiculo=tipovehicu1_.tipo_vehiculo where vehiculoen0_.placa=?
Hibernate: select vehiculoen0_.placa as placa1_6_0_, vehiculoen0_.cilindraje as cilindra2_6_0_, vehiculoen0_.tipo_vehiculo as tipo_veh3_6_0_, tipovehicu1_.tipo_vehiculo as tipo_veh1_4_1_, tipovehicu1_.nombre_tipo_vehiculo as nombre_t2_4_1_ from vehiculo vehiculoen0_ left outer join tipo_vehiculo tipovehicu1_ on vehiculoen0_.tipo_vehiculo=tipovehicu1_.tipo_vehiculo where vehiculoen0_.placa=?
Hibernate: select vehiculoen0_.placa as placa1_6_0_, vehiculoen0_.cilindraje as cilindra2_6_0_, vehiculoen0_.tipo_vehiculo as tipo_veh3_6_0_, tipovehicu1_.tipo_vehiculo as tipo_veh1_4_1_, tipovehicu1_.nombre_tipo_vehiculo as nombre_t2_4_1_ from vehiculo vehiculoen0_ left outer join tipo_vehiculo tipovehicu1_ on vehiculoen0_.tipo_vehiculo=tipovehicu1_.tipo_vehiculo where vehiculoen0_.placa=?
Hibernate: select vehiculoen0_.placa as placa1_6_0_, vehiculoen0_.cilindraje as cilindra2_6_0_, vehiculoen0_.tipo_vehiculo as tipo_veh3_6_0_, tipovehicu1_.tipo_vehiculo as tipo_veh1_4_1_, tipovehicu1_.nombre_tipo_vehiculo as nombre_t2_4_1_ from vehiculo vehiculoen0_ left outer join tipo_vehiculo tipovehicu1_ on vehiculoen0_.tipo_vehiculo=tipovehicu1_.tipo_vehiculo where vehiculoen0_.placa=?
Hibernate: select vehiculoen0_.placa as placa1_6_0_, vehiculoen0_.cilindraje as cilindra2_6_0_, vehiculoen0_.tipo_vehiculo as tipo_veh3_6_0_, tipovehicu1_.tipo_vehiculo as tipo_veh1_4_1_, tipovehicu1_.nombre_tipo_vehiculo as nombre_t2_4_1_ from vehiculo vehiculoen0_ left outer join tipo_vehiculo tipovehicu1_ on vehiculoen0_.tipo_vehiculo=tipovehicu1_.tipo_vehiculo where vehiculoen0_.placa=?
Hibernate: select vehiculoen0_.placa as placa1_6_0_, vehiculoen0_.cilindraje as cilindra2_6_0_, vehiculoen0_.tipo_vehiculo as tipo_veh3_6_0_, tipovehicu1_.tipo_vehiculo as tipo_veh1_4_1_, tipovehicu1_.nombre_tipo_vehiculo as nombre_t2_4_1_ from vehiculo vehiculoen0_ left outer join tipo_vehiculo tipovehicu1_ on vehiculoen0_.tipo_vehiculo=tipovehicu1_.tipo_vehiculo where vehiculoen0_.placa=?
Hibernate: select gestionveh0_.secuencia_parqueo_vehiculo as secuenci1_1_, gestionveh0_.estado_parqueo as estado_p5_1_, gestionveh0_.fecha_ingreso as fecha_in2_1_, gestionveh0_.fecha_salida as fecha_sa3_1_, gestionveh0_.valor as valor4_1_, gestionveh0_.vehiculo as vehiculo6_1_ from gestion_vehiculo gestionveh0_ where gestionveh0_.vehiculo=? and gestionveh0_.estado_parqueo=?
Hibernate: select gestionveh0_.secuencia_parqueo_vehiculo as secuenci1_1_0_, gestionveh0_.estado_parqueo as estado_p5_1_0_, gestionveh0_.fecha_ingreso as fecha_in2_1_0_, gestionveh0_.fecha_salida as fecha_sa3_1_0_, gestionveh0_.valor as valor4_1_0_, gestionveh0_.vehiculo as vehiculo6_1_0_ from gestion_vehiculo gestionveh0_ where gestionveh0_.secuencia_parqueo_vehiculo=?
Hibernate: select estadoparq0_.estado as estado1_0_0_, estadoparq0_.nombre_estado as nombre_e2_0_0_ from estado_parqueo estadoparq0_ where estadoparq0_.estado=?
Hibernate: select vehiculoen0_.placa as placa1_6_0_, vehiculoen0_.cilindraje as cilindra2_6_0_, vehiculoen0_.tipo_vehiculo as tipo_veh3_6_0_, tipovehicu1_.tipo_vehiculo as tipo_veh1_4_1_, tipovehicu1_.nombre_tipo_vehiculo as nombre_t2_4_1_ from vehiculo vehiculoen0_ left outer join tipo_vehiculo tipovehicu1_ on vehiculoen0_.tipo_vehiculo=tipovehicu1_.tipo_vehiculo where vehiculoen0_.placa=?
Hibernate: call next value for hibernate_sequence
Hibernate: insert into gestion_vehiculo (estado_parqueo, fecha_ingreso, fecha_salida, valor, vehiculo, secuencia_parqueo_vehiculo) values (?, ?, ?, ?, ?, ?)
Hibernate: select vehiculoen0_.placa as placa1_6_0_, vehiculoen0_.cilindraje as cilindra2_6_0_, vehiculoen0_.tipo_vehiculo as tipo_veh3_6_0_ from vehiculo vehiculoen0_ where vehiculoen0_.placa=?
Hibernate: select tipovehicu0_.tipo_vehiculo as tipo_veh1_4_0_, tipovehicu0_.nombre_tipo_vehiculo as nombre_t2_4_0_ from tipo_vehiculo tipovehicu0_ where tipovehicu0_.tipo_vehiculo=?
Hibernate: insert into vehiculo (cilindraje, tipo_vehiculo, placa) values (?, ?, ?)
Hibernate: select gestionveh0_.secuencia_parqueo_vehiculo as secuenci1_1_, gestionveh0_.estado_parqueo as estado_p5_1_, gestionveh0_.fecha_ingreso as fecha_in2_1_, gestionveh0_.fecha_salida as fecha_sa3_1_, gestionveh0_.valor as valor4_1_, gestionveh0_.vehiculo as vehiculo6_1_ from gestion_vehiculo gestionveh0_ where gestionveh0_.estado_parqueo=1
Hibernate: select estadoparq0_.estado as estado1_0_0_, estadoparq0_.nombre_estado as nombre_e2_0_0_ from estado_parqueo estadoparq0_ where estadoparq0_.estado=?
Hibernate: select vehiculoen0_.placa as placa1_6_0_, vehiculoen0_.cilindraje as cilindra2_6_0_, vehiculoen0_.tipo_vehiculo as tipo_veh3_6_0_, tipovehicu1_.tipo_vehiculo as tipo_veh1_4_1_, tipovehicu1_.nombre_tipo_vehiculo as nombre_t2_4_1_ from vehiculo vehiculoen0_ left outer join tipo_vehiculo tipovehicu1_ on vehiculoen0_.tipo_vehiculo=tipovehicu1_.tipo_vehiculo where vehiculoen0_.placa=?
Hibernate: select vehiculoen0_.placa as placa1_6_0_, vehiculoen0_.cilindraje as cilindra2_6_0_, vehiculoen0_.tipo_vehiculo as tipo_veh3_6_0_, tipovehicu1_.tipo_vehiculo as tipo_veh1_4_1_, tipovehicu1_.nombre_tipo_vehiculo as nombre_t2_4_1_ from vehiculo vehiculoen0_ left outer join tipo_vehiculo tipovehicu1_ on vehiculoen0_.tipo_vehiculo=tipovehicu1_.tipo_vehiculo where vehiculoen0_.placa=?
Hibernate: select vehiculoen0_.placa as placa1_6_0_, vehiculoen0_.cilindraje as cilindra2_6_0_, vehiculoen0_.tipo_vehiculo as tipo_veh3_6_0_, tipovehicu1_.tipo_vehiculo as tipo_veh1_4_1_, tipovehicu1_.nombre_tipo_vehiculo as nombre_t2_4_1_ from vehiculo vehiculoen0_ left outer join tipo_vehiculo tipovehicu1_ on vehiculoen0_.tipo_vehiculo=tipovehicu1_.tipo_vehiculo where vehiculoen0_.placa=?
Hibernate: select vehiculoen0_.placa as placa1_6_0_, vehiculoen0_.cilindraje as cilindra2_6_0_, vehiculoen0_.tipo_vehiculo as tipo_veh3_6_0_, tipovehicu1_.tipo_vehiculo as tipo_veh1_4_1_, tipovehicu1_.nombre_tipo_vehiculo as nombre_t2_4_1_ from vehiculo vehiculoen0_ left outer join tipo_vehiculo tipovehicu1_ on vehiculoen0_.tipo_vehiculo=tipovehicu1_.tipo_vehiculo where vehiculoen0_.placa=?
Hibernate: select vehiculoen0_.placa as placa1_6_0_, vehiculoen0_.cilindraje as cilindra2_6_0_, vehiculoen0_.tipo_vehiculo as tipo_veh3_6_0_, tipovehicu1_.tipo_vehiculo as tipo_veh1_4_1_, tipovehicu1_.nombre_tipo_vehiculo as nombre_t2_4_1_ from vehiculo vehiculoen0_ left outer join tipo_vehiculo tipovehicu1_ on vehiculoen0_.tipo_vehiculo=tipovehicu1_.tipo_vehiculo where vehiculoen0_.placa=?
Hibernate: select vehiculoen0_.placa as placa1_6_0_, vehiculoen0_.cilindraje as cilindra2_6_0_, vehiculoen0_.tipo_vehiculo as tipo_veh3_6_0_, tipovehicu1_.tipo_vehiculo as tipo_veh1_4_1_, tipovehicu1_.nombre_tipo_vehiculo as nombre_t2_4_1_ from vehiculo vehiculoen0_ left outer join tipo_vehiculo tipovehicu1_ on vehiculoen0_.tipo_vehiculo=tipovehicu1_.tipo_vehiculo where vehiculoen0_.placa=?
Hibernate: select vehiculoen0_.placa as placa1_6_0_, vehiculoen0_.cilindraje as cilindra2_6_0_, vehiculoen0_.tipo_vehiculo as tipo_veh3_6_0_, tipovehicu1_.tipo_vehiculo as tipo_veh1_4_1_, tipovehicu1_.nombre_tipo_vehiculo as nombre_t2_4_1_ from vehiculo vehiculoen0_ left outer join tipo_vehiculo tipovehicu1_ on vehiculoen0_.tipo_vehiculo=tipovehicu1_.tipo_vehiculo where vehiculoen0_.placa=?
Hibernate: select vehiculoen0_.placa as placa1_6_0_, vehiculoen0_.cilindraje as cilindra2_6_0_, vehiculoen0_.tipo_vehiculo as tipo_veh3_6_0_, tipovehicu1_.tipo_vehiculo as tipo_veh1_4_1_, tipovehicu1_.nombre_tipo_vehiculo as nombre_t2_4_1_ from vehiculo vehiculoen0_ left outer join tipo_vehiculo tipovehicu1_ on vehiculoen0_.tipo_vehiculo=tipovehicu1_.tipo_vehiculo where vehiculoen0_.placa=?
Hibernate: select gestionveh0_.secuencia_parqueo_vehiculo as secuenci1_1_, gestionveh0_.estado_parqueo as estado_p5_1_, gestionveh0_.fecha_ingreso as fecha_in2_1_, gestionveh0_.fecha_salida as fecha_sa3_1_, gestionveh0_.valor as valor4_1_, gestionveh0_.vehiculo as vehiculo6_1_ from gestion_vehiculo gestionveh0_ where gestionveh0_.vehiculo=? and gestionveh0_.estado_parqueo=?
Hibernate: select gestionveh0_.secuencia_parqueo_vehiculo as secuenci1_1_0_, gestionveh0_.estado_parqueo as estado_p5_1_0_, gestionveh0_.fecha_ingreso as fecha_in2_1_0_, gestionveh0_.fecha_salida as fecha_sa3_1_0_, gestionveh0_.valor as valor4_1_0_, gestionveh0_.vehiculo as vehiculo6_1_0_ from gestion_vehiculo gestionveh0_ where gestionveh0_.secuencia_parqueo_vehiculo=?
Hibernate: select estadoparq0_.estado as estado1_0_0_, estadoparq0_.nombre_estado as nombre_e2_0_0_ from estado_parqueo estadoparq0_ where estadoparq0_.estado=?
Hibernate: select vehiculoen0_.placa as placa1_6_0_, vehiculoen0_.cilindraje as cilindra2_6_0_, vehiculoen0_.tipo_vehiculo as tipo_veh3_6_0_, tipovehicu1_.tipo_vehiculo as tipo_veh1_4_1_, tipovehicu1_.nombre_tipo_vehiculo as nombre_t2_4_1_ from vehiculo vehiculoen0_ left outer join tipo_vehiculo tipovehicu1_ on vehiculoen0_.tipo_vehiculo=tipovehicu1_.tipo_vehiculo where vehiculoen0_.placa=?
Hibernate: call next value for hibernate_sequence
Hibernate: insert into gestion_vehiculo (estado_parqueo, fecha_ingreso, fecha_salida, valor, vehiculo, secuencia_parqueo_vehiculo) values (?, ?, ?, ?, ?, ?)
Hibernate: select vehiculoen0_.placa as placa1_6_0_, vehiculoen0_.cilindraje as cilindra2_6_0_, vehiculoen0_.tipo_vehiculo as tipo_veh3_6_0_ from vehiculo vehiculoen0_ where vehiculoen0_.placa=?
Hibernate: select tipovehicu0_.tipo_vehiculo as tipo_veh1_4_0_, tipovehicu0_.nombre_tipo_vehiculo as nombre_t2_4_0_ from tipo_vehiculo tipovehicu0_ where tipovehicu0_.tipo_vehiculo=?
Hibernate: insert into vehiculo (cilindraje, tipo_vehiculo, placa) values (?, ?, ?)
Hibernate: select gestionveh0_.secuencia_parqueo_vehiculo as secuenci1_1_, gestionveh0_.estado_parqueo as estado_p5_1_, gestionveh0_.fecha_ingreso as fecha_in2_1_, gestionveh0_.fecha_salida as fecha_sa3_1_, gestionveh0_.valor as valor4_1_, gestionveh0_.vehiculo as vehiculo6_1_ from gestion_vehiculo gestionveh0_ where gestionveh0_.estado_parqueo=1
Hibernate: select estadoparq0_.estado as estado1_0_0_, estadoparq0_.nombre_estado as nombre_e2_0_0_ from estado_parqueo estadoparq0_ where estadoparq0_.estado=?
Hibernate: select vehiculoen0_.placa as placa1_6_0_, vehiculoen0_.cilindraje as cilindra2_6_0_, vehiculoen0_.tipo_vehiculo as tipo_veh3_6_0_, tipovehicu1_.tipo_vehiculo as tipo_veh1_4_1_, tipovehicu1_.nombre_tipo_vehiculo as nombre_t2_4_1_ from vehiculo vehiculoen0_ left outer join tipo_vehiculo tipovehicu1_ on vehiculoen0_.tipo_vehiculo=tipovehicu1_.tipo_vehiculo where vehiculoen0_.placa=?
Hibernate: select vehiculoen0_.placa as placa1_6_0_, vehiculoen0_.cilindraje as cilindra2_6_0_, vehiculoen0_.tipo_vehiculo as tipo_veh3_6_0_, tipovehicu1_.tipo_vehiculo as tipo_veh1_4_1_, tipovehicu1_.nombre_tipo_vehiculo as nombre_t2_4_1_ from vehiculo vehiculoen0_ left outer join tipo_vehiculo tipovehicu1_ on vehiculoen0_.tipo_vehiculo=tipovehicu1_.tipo_vehiculo where vehiculoen0_.placa=?
Hibernate: select vehiculoen0_.placa as placa1_6_0_, vehiculoen0_.cilindraje as cilindra2_6_0_, vehiculoen0_.tipo_vehiculo as tipo_veh3_6_0_, tipovehicu1_.tipo_vehiculo as tipo_veh1_4_1_, tipovehicu1_.nombre_tipo_vehiculo as nombre_t2_4_1_ from vehiculo vehiculoen0_ left outer join tipo_vehiculo tipovehicu1_ on vehiculoen0_.tipo_vehiculo=tipovehicu1_.tipo_vehiculo where vehiculoen0_.placa=?
Hibernate: select vehiculoen0_.placa as placa1_6_0_, vehiculoen0_.cilindraje as cilindra2_6_0_, vehiculoen0_.tipo_vehiculo as tipo_veh3_6_0_, tipovehicu1_.tipo_vehiculo as tipo_veh1_4_1_, tipovehicu1_.nombre_tipo_vehiculo as nombre_t2_4_1_ from vehiculo vehiculoen0_ left outer join tipo_vehiculo tipovehicu1_ on vehiculoen0_.tipo_vehiculo=tipovehicu1_.tipo_vehiculo where vehiculoen0_.placa=?
Hibernate: select vehiculoen0_.placa as placa1_6_0_, vehiculoen0_.cilindraje as cilindra2_6_0_, vehiculoen0_.tipo_vehiculo as tipo_veh3_6_0_, tipovehicu1_.tipo_vehiculo as tipo_veh1_4_1_, tipovehicu1_.nombre_tipo_vehiculo as nombre_t2_4_1_ from vehiculo vehiculoen0_ left outer join tipo_vehiculo tipovehicu1_ on vehiculoen0_.tipo_vehiculo=tipovehicu1_.tipo_vehiculo where vehiculoen0_.placa=?
Hibernate: select vehiculoen0_.placa as placa1_6_0_, vehiculoen0_.cilindraje as cilindra2_6_0_, vehiculoen0_.tipo_vehiculo as tipo_veh3_6_0_, tipovehicu1_.tipo_vehiculo as tipo_veh1_4_1_, tipovehicu1_.nombre_tipo_vehiculo as nombre_t2_4_1_ from vehiculo vehiculoen0_ left outer join tipo_vehiculo tipovehicu1_ on vehiculoen0_.tipo_vehiculo=tipovehicu1_.tipo_vehiculo where vehiculoen0_.placa=?
Hibernate: select vehiculoen0_.placa as placa1_6_0_, vehiculoen0_.cilindraje as cilindra2_6_0_, vehiculoen0_.tipo_vehiculo as tipo_veh3_6_0_, tipovehicu1_.tipo_vehiculo as tipo_veh1_4_1_, tipovehicu1_.nombre_tipo_vehiculo as nombre_t2_4_1_ from vehiculo vehiculoen0_ left outer join tipo_vehiculo tipovehicu1_ on vehiculoen0_.tipo_vehiculo=tipovehicu1_.tipo_vehiculo where vehiculoen0_.placa=?
Hibernate: select vehiculoen0_.placa as placa1_6_0_, vehiculoen0_.cilindraje as cilindra2_6_0_, vehiculoen0_.tipo_vehiculo as tipo_veh3_6_0_, tipovehicu1_.tipo_vehiculo as tipo_veh1_4_1_, tipovehicu1_.nombre_tipo_vehiculo as nombre_t2_4_1_ from vehiculo vehiculoen0_ left outer join tipo_vehiculo tipovehicu1_ on vehiculoen0_.tipo_vehiculo=tipovehicu1_.tipo_vehiculo where vehiculoen0_.placa=?
Hibernate: select vehiculoen0_.placa as placa1_6_0_, vehiculoen0_.cilindraje as cilindra2_6_0_, vehiculoen0_.tipo_vehiculo as tipo_veh3_6_0_, tipovehicu1_.tipo_vehiculo as tipo_veh1_4_1_, tipovehicu1_.nombre_tipo_vehiculo as nombre_t2_4_1_ from vehiculo vehiculoen0_ left outer join tipo_vehiculo tipovehicu1_ on vehiculoen0_.tipo_vehiculo=tipovehicu1_.tipo_vehiculo where vehiculoen0_.placa=?
Hibernate: select gestionveh0_.secuencia_parqueo_vehiculo as secuenci1_1_, gestionveh0_.estado_parqueo as estado_p5_1_, gestionveh0_.fecha_ingreso as fecha_in2_1_, gestionveh0_.fecha_salida as fecha_sa3_1_, gestionveh0_.valor as valor4_1_, gestionveh0_.vehiculo as vehiculo6_1_ from gestion_vehiculo gestionveh0_ where gestionveh0_.vehiculo=? and gestionveh0_.estado_parqueo=?
Hibernate: select gestionveh0_.secuencia_parqueo_vehiculo as secuenci1_1_0_, gestionveh0_.estado_parqueo as estado_p5_1_0_, gestionveh0_.fecha_ingreso as fecha_in2_1_0_, gestionveh0_.fecha_salida as fecha_sa3_1_0_, gestionveh0_.valor as valor4_1_0_, gestionveh0_.vehiculo as vehiculo6_1_0_ from gestion_vehiculo gestionveh0_ where gestionveh0_.secuencia_parqueo_vehiculo=?
Hibernate: select estadoparq0_.estado as estado1_0_0_, estadoparq0_.nombre_estado as nombre_e2_0_0_ from estado_parqueo estadoparq0_ where estadoparq0_.estado=?
Hibernate: select vehiculoen0_.placa as placa1_6_0_, vehiculoen0_.cilindraje as cilindra2_6_0_, vehiculoen0_.tipo_vehiculo as tipo_veh3_6_0_, tipovehicu1_.tipo_vehiculo as tipo_veh1_4_1_, tipovehicu1_.nombre_tipo_vehiculo as nombre_t2_4_1_ from vehiculo vehiculoen0_ left outer join tipo_vehiculo tipovehicu1_ on vehiculoen0_.tipo_vehiculo=tipovehicu1_.tipo_vehiculo where vehiculoen0_.placa=?
Hibernate: call next value for hibernate_sequence
Hibernate: insert into gestion_vehiculo (estado_parqueo, fecha_ingreso, fecha_salida, valor, vehiculo, secuencia_parqueo_vehiculo) values (?, ?, ?, ?, ?, ?)
Hibernate: select vehiculoen0_.placa as placa1_6_0_, vehiculoen0_.cilindraje as cilindra2_6_0_, vehiculoen0_.tipo_vehiculo as tipo_veh3_6_0_ from vehiculo vehiculoen0_ where vehiculoen0_.placa=?
Hibernate: select tipovehicu0_.tipo_vehiculo as tipo_veh1_4_0_, tipovehicu0_.nombre_tipo_vehiculo as nombre_t2_4_0_ from tipo_vehiculo tipovehicu0_ where tipovehicu0_.tipo_vehiculo=?
Hibernate: insert into vehiculo (cilindraje, tipo_vehiculo, placa) values (?, ?, ?)
Hibernate: select gestionveh0_.secuencia_parqueo_vehiculo as secuenci1_1_, gestionveh0_.estado_parqueo as estado_p5_1_, gestionveh0_.fecha_ingreso as fecha_in2_1_, gestionveh0_.fecha_salida as fecha_sa3_1_, gestionveh0_.valor as valor4_1_, gestionveh0_.vehiculo as vehiculo6_1_ from gestion_vehiculo gestionveh0_ where gestionveh0_.estado_parqueo=1
Hibernate: select estadoparq0_.estado as estado1_0_0_, estadoparq0_.nombre_estado as nombre_e2_0_0_ from estado_parqueo estadoparq0_ where estadoparq0_.estado=?
Hibernate: select vehiculoen0_.placa as placa1_6_0_, vehiculoen0_.cilindraje as cilindra2_6_0_, vehiculoen0_.tipo_vehiculo as tipo_veh3_6_0_, tipovehicu1_.tipo_vehiculo as tipo_veh1_4_1_, tipovehicu1_.nombre_tipo_vehiculo as nombre_t2_4_1_ from vehiculo vehiculoen0_ left outer join tipo_vehiculo tipovehicu1_ on vehiculoen0_.tipo_vehiculo=tipovehicu1_.tipo_vehiculo where vehiculoen0_.placa=?
Hibernate: select vehiculoen0_.placa as placa1_6_0_, vehiculoen0_.cilindraje as cilindra2_6_0_, vehiculoen0_.tipo_vehiculo as tipo_veh3_6_0_, tipovehicu1_.tipo_vehiculo as tipo_veh1_4_1_, tipovehicu1_.nombre_tipo_vehiculo as nombre_t2_4_1_ from vehiculo vehiculoen0_ left outer join tipo_vehiculo tipovehicu1_ on vehiculoen0_.tipo_vehiculo=tipovehicu1_.tipo_vehiculo where vehiculoen0_.placa=?
Hibernate: select vehiculoen0_.placa as placa1_6_0_, vehiculoen0_.cilindraje as cilindra2_6_0_, vehiculoen0_.tipo_vehiculo as tipo_veh3_6_0_, tipovehicu1_.tipo_vehiculo as tipo_veh1_4_1_, tipovehicu1_.nombre_tipo_vehiculo as nombre_t2_4_1_ from vehiculo vehiculoen0_ left outer join tipo_vehiculo tipovehicu1_ on vehiculoen0_.tipo_vehiculo=tipovehicu1_.tipo_vehiculo where vehiculoen0_.placa=?
Hibernate: select vehiculoen0_.placa as placa1_6_0_, vehiculoen0_.cilindraje as cilindra2_6_0_, vehiculoen0_.tipo_vehiculo as tipo_veh3_6_0_, tipovehicu1_.tipo_vehiculo as tipo_veh1_4_1_, tipovehicu1_.nombre_tipo_vehiculo as nombre_t2_4_1_ from vehiculo vehiculoen0_ left outer join tipo_vehiculo tipovehicu1_ on vehiculoen0_.tipo_vehiculo=tipovehicu1_.tipo_vehiculo where vehiculoen0_.placa=?
Hibernate: select vehiculoen0_.placa as placa1_6_0_, vehiculoen0_.cilindraje as cilindra2_6_0_, vehiculoen0_.tipo_vehiculo as tipo_veh3_6_0_, tipovehicu1_.tipo_vehiculo as tipo_veh1_4_1_, tipovehicu1_.nombre_tipo_vehiculo as nombre_t2_4_1_ from vehiculo vehiculoen0_ left outer join tipo_vehiculo tipovehicu1_ on vehiculoen0_.tipo_vehiculo=tipovehicu1_.tipo_vehiculo where vehiculoen0_.placa=?
Hibernate: select vehiculoen0_.placa as placa1_6_0_, vehiculoen0_.cilindraje as cilindra2_6_0_, vehiculoen0_.tipo_vehiculo as tipo_veh3_6_0_, tipovehicu1_.tipo_vehiculo as tipo_veh1_4_1_, tipovehicu1_.nombre_tipo_vehiculo as nombre_t2_4_1_ from vehiculo vehiculoen0_ left outer join tipo_vehiculo tipovehicu1_ on vehiculoen0_.tipo_vehiculo=tipovehicu1_.tipo_vehiculo where vehiculoen0_.placa=?
Hibernate: select vehiculoen0_.placa as placa1_6_0_, vehiculoen0_.cilindraje as cilindra2_6_0_, vehiculoen0_.tipo_vehiculo as tipo_veh3_6_0_, tipovehicu1_.tipo_vehiculo as tipo_veh1_4_1_, tipovehicu1_.nombre_tipo_vehiculo as nombre_t2_4_1_ from vehiculo vehiculoen0_ left outer join tipo_vehiculo tipovehicu1_ on vehiculoen0_.tipo_vehiculo=tipovehicu1_.tipo_vehiculo where vehiculoen0_.placa=?
Hibernate: select vehiculoen0_.placa as placa1_6_0_, vehiculoen0_.cilindraje as cilindra2_6_0_, vehiculoen0_.tipo_vehiculo as tipo_veh3_6_0_, tipovehicu1_.tipo_vehiculo as tipo_veh1_4_1_, tipovehicu1_.nombre_tipo_vehiculo as nombre_t2_4_1_ from vehiculo vehiculoen0_ left outer join tipo_vehiculo tipovehicu1_ on vehiculoen0_.tipo_vehiculo=tipovehicu1_.tipo_vehiculo where vehiculoen0_.placa=?
Hibernate: select vehiculoen0_.placa as placa1_6_0_, vehiculoen0_.cilindraje as cilindra2_6_0_, vehiculoen0_.tipo_vehiculo as tipo_veh3_6_0_, tipovehicu1_.tipo_vehiculo as tipo_veh1_4_1_, tipovehicu1_.nombre_tipo_vehiculo as nombre_t2_4_1_ from vehiculo vehiculoen0_ left outer join tipo_vehiculo tipovehicu1_ on vehiculoen0_.tipo_vehiculo=tipovehicu1_.tipo_vehiculo where vehiculoen0_.placa=?
Hibernate: select vehiculoen0_.placa as placa1_6_0_, vehiculoen0_.cilindraje as cilindra2_6_0_, vehiculoen0_.tipo_vehiculo as tipo_veh3_6_0_, tipovehicu1_.tipo_vehiculo as tipo_veh1_4_1_, tipovehicu1_.nombre_tipo_vehiculo as nombre_t2_4_1_ from vehiculo vehiculoen0_ left outer join tipo_vehiculo tipovehicu1_ on vehiculoen0_.tipo_vehiculo=tipovehicu1_.tipo_vehiculo where vehiculoen0_.placa=?
Hibernate: select gestionveh0_.secuencia_parqueo_vehiculo as secuenci1_1_, gestionveh0_.estado_parqueo as estado_p5_1_, gestionveh0_.fecha_ingreso as fecha_in2_1_, gestionveh0_.fecha_salida as fecha_sa3_1_, gestionveh0_.valor as valor4_1_, gestionveh0_.vehiculo as vehiculo6_1_ from gestion_vehiculo gestionveh0_ where gestionveh0_.vehiculo=? and gestionveh0_.estado_parqueo=?
Hibernate: select gestionveh0_.secuencia_parqueo_vehiculo as secuenci1_1_0_, gestionveh0_.estado_parqueo as estado_p5_1_0_, gestionveh0_.fecha_ingreso as fecha_in2_1_0_, gestionveh0_.fecha_salida as fecha_sa3_1_0_, gestionveh0_.valor as valor4_1_0_, gestionveh0_.vehiculo as vehiculo6_1_0_ from gestion_vehiculo gestionveh0_ where gestionveh0_.secuencia_parqueo_vehiculo=?
Hibernate: select estadoparq0_.estado as estado1_0_0_, estadoparq0_.nombre_estado as nombre_e2_0_0_ from estado_parqueo estadoparq0_ where estadoparq0_.estado=?
Hibernate: select vehiculoen0_.placa as placa1_6_0_, vehiculoen0_.cilindraje as cilindra2_6_0_, vehiculoen0_.tipo_vehiculo as tipo_veh3_6_0_, tipovehicu1_.tipo_vehiculo as tipo_veh1_4_1_, tipovehicu1_.nombre_tipo_vehiculo as nombre_t2_4_1_ from vehiculo vehiculoen0_ left outer join tipo_vehiculo tipovehicu1_ on vehiculoen0_.tipo_vehiculo=tipovehicu1_.tipo_vehiculo where vehiculoen0_.placa=?
Hibernate: call next value for hibernate_sequence
Hibernate: insert into gestion_vehiculo (estado_parqueo, fecha_ingreso, fecha_salida, valor, vehiculo, secuencia_parqueo_vehiculo) values (?, ?, ?, ?, ?, ?)
[...]
Hibernate: select vehiculoen0_.placa as placa1_6_0_, vehiculoen0_.cilindraje as cilindra2_6_0_, vehiculoen0_.tipo_vehiculo as tipo_veh3_6_0_, tipovehicu1_.tipo_vehiculo as tipo_veh1_4_1_, tipovehicu1_.nombre_tipo_vehiculo as nombre_t2_4_1_ from vehiculo vehiculoen0_ left outer join tipo_vehiculo tipovehicu1_ on vehiculoen0_.tipo_vehiculo=tipovehicu1_.tipo_vehiculo where vehiculoen0_.placa=?
Hibernate: select vehiculoen0_.placa as placa1_6_0_, vehiculoen0_.cilindraje as cilindra2_6_0_, vehiculoen0_.tipo_vehiculo as tipo_veh3_6_0_, tipovehicu1_.tipo_vehiculo as tipo_veh1_4_1_, tipovehicu1_.nombre_tipo_vehiculo as nombre_t2_4_1_ from vehiculo vehiculoen0_ left outer join tipo_vehiculo tipovehicu1_ on vehiculoen0_.tipo_vehiculo=tipovehicu1_.tipo_vehiculo where vehiculoen0_.placa=?
Hibernate: select vehiculoen0_.placa as placa1_6_0_, vehiculoen0_.cilindraje as cilindra2_6_0_, vehiculoen0_.tipo_vehiculo as tipo_veh3_6_0_, tipovehicu1_.tipo_vehiculo as tipo_veh1_4_1_, tipovehicu1_.nombre_tipo_vehiculo as nombre_t2_4_1_ from vehiculo vehiculoen0_ left outer join tipo_vehiculo tipovehicu1_ on vehiculoen0_.tipo_vehiculo=tipovehicu1_.tipo_vehiculo where vehiculoen0_.placa=?
Hibernate: select vehiculoen0_.placa as placa1_6_0_, vehiculoen0_.cilindraje as cilindra2_6_0_, vehiculoen0_.tipo_vehiculo as tipo_veh3_6_0_, tipovehicu1_.tipo_vehiculo as tipo_veh1_4_1_, tipovehicu1_.nombre_tipo_vehiculo as nombre_t2_4_1_ from vehiculo vehiculoen0_ left outer join tipo_vehiculo tipovehicu1_ on vehiculoen0_.tipo_vehiculo=tipovehicu1_.tipo_vehiculo where vehiculoen0_.placa=?
Hibernate: select vehiculoen0_.placa as placa1_6_0_, vehiculoen0_.cilindraje as cilindra2_6_0_, vehiculoen0_.tipo_vehiculo as tipo_veh3_6_0_, tipovehicu1_.tipo_vehiculo as tipo_veh1_4_1_, tipovehicu1_.nombre_tipo_vehiculo as nombre_t2_4_1_ from vehiculo vehiculoen0_ left outer join tipo_vehiculo tipovehicu1_ on vehiculoen0_.tipo_vehiculo=tipovehicu1_.tipo_vehiculo where vehiculoen0_.placa=?
Hibernate: select vehiculoen0_.placa as placa1_6_0_, vehiculoen0_.cilindraje as cilindra2_6_0_, vehiculoen0_.tipo_vehiculo as tipo_veh3_6_0_, tipovehicu1_.tipo_vehiculo as tipo_veh1_4_1_, tipovehicu1_.nombre_tipo_vehiculo as nombre_t2_4_1_ from vehiculo vehiculoen0_ left outer join tipo_vehiculo tipovehicu1_ on vehiculoen0_.tipo_vehiculo=tipovehicu1_.tipo_vehiculo where vehiculoen0_.placa=?
Hibernate: select vehiculoen0_.placa as placa1_6_0_, vehiculoen0_.cilindraje as cilindra2_6_0_, vehiculoen0_.tipo_vehiculo as tipo_veh3_6_0_, tipovehicu1_.tipo_vehiculo as tipo_veh1_4_1_, tipovehicu1_.nombre_tipo_vehiculo as nombre_t2_4_1_ from vehiculo vehiculoen0_ left outer join tipo_vehiculo tipovehicu1_ on vehiculoen0_.tipo_vehiculo=tipovehicu1_.tipo_vehiculo where vehiculoen0_.placa=?
Hibernate: select vehiculoen0_.placa as placa1_6_0_, vehiculoen0_.cilindraje as cilindra2_6_0_, vehiculoen0_.tipo_vehiculo as tipo_veh3_6_0_, tipovehicu1_.tipo_vehiculo as tipo_veh1_4_1_, tipovehicu1_.nombre_tipo_vehiculo as nombre_t2_4_1_ from vehiculo vehiculoen0_ left outer join tipo_vehiculo tipovehicu1_ on vehiculoen0_.tipo_vehiculo=tipovehicu1_.tipo_vehiculo where vehiculoen0_.placa=?
Hibernate: select vehiculoen0_.placa as placa1_6_0_, vehiculoen0_.cilindraje as cilindra2_6_0_, vehiculoen0_.tipo_vehiculo as tipo_veh3_6_0_, tipovehicu1_.tipo_vehiculo as tipo_veh1_4_1_, tipovehicu1_.nombre_tipo_vehiculo as nombre_t2_4_1_ from vehiculo vehiculoen0_ left outer join tipo_vehiculo tipovehicu1_ on vehiculoen0_.tipo_vehiculo=tipovehicu1_.tipo_vehiculo where vehiculoen0_.placa=?
Hibernate: select vehiculoen0_.placa as placa1_6_0_, vehiculoen0_.cilindraje as cilindra2_6_0_, vehiculoen0_.tipo_vehiculo as tipo_veh3_6_0_, tipovehicu1_.tipo_vehiculo as tipo_veh1_4_1_, tipovehicu1_.nombre_tipo_vehiculo as nombre_t2_4_1_ from vehiculo vehiculoen0_ left outer join tipo_vehiculo tipovehicu1_ on vehiculoen0_.tipo_vehiculo=tipovehicu1_.tipo_vehiculo where vehiculoen0_.placa=?
Hibernate: select vehiculoen0_.placa as placa1_6_0_, vehiculoen0_.cilindraje as cilindra2_6_0_, vehiculoen0_.tipo_vehiculo as tipo_veh3_6_0_, tipovehicu1_.tipo_vehiculo as tipo_veh1_4_1_, tipovehicu1_.nombre_tipo_vehiculo as nombre_t2_4_1_ from vehiculo vehiculoen0_ left outer join tipo_vehiculo tipovehicu1_ on vehiculoen0_.tipo_vehiculo=tipovehicu1_.tipo_vehiculo where vehiculoen0_.placa=?
Hibernate: select vehiculoen0_.placa as placa1_6_0_, vehiculoen0_.cilindraje as cilindra2_6_0_, vehiculoen0_.tipo_vehiculo as tipo_veh3_6_0_, tipovehicu1_.tipo_vehiculo as tipo_veh1_4_1_, tipovehicu1_.nombre_tipo_vehiculo as nombre_t2_4_1_ from vehiculo vehiculoen0_ left outer join tipo_vehiculo tipovehicu1_ on vehiculoen0_.tipo_vehiculo=tipovehicu1_.tipo_vehiculo where vehiculoen0_.placa=?
Hibernate: select vehiculoen0_.placa as placa1_6_0_, vehiculoen0_.cilindraje as cilindra2_6_0_, vehiculoen0_.tipo_vehiculo as tipo_veh3_6_0_, tipovehicu1_.tipo_vehiculo as tipo_veh1_4_1_, tipovehicu1_.nombre_tipo_vehiculo as nombre_t2_4_1_ from vehiculo vehiculoen0_ left outer join tipo_vehiculo tipovehicu1_ on vehiculoen0_.tipo_vehiculo=tipovehicu1_.tipo_vehiculo where vehiculoen0_.placa=?
Hibernate: select vehiculoen0_.placa as placa1_6_0_, vehiculoen0_.cilindraje as cilindra2_6_0_, vehiculoen0_.tipo_vehiculo as tipo_veh3_6_0_, tipovehicu1_.tipo_vehiculo as tipo_veh1_4_1_, tipovehicu1_.nombre_tipo_vehiculo as nombre_t2_4_1_ from vehiculo vehiculoen0_ left outer join tipo_vehiculo tipovehicu1_ on vehiculoen0_.tipo_vehiculo=tipovehicu1_.tipo_vehiculo where vehiculoen0_.placa=?
Hibernate: select vehiculoen0_.placa as placa1_6_0_, vehiculoen0_.cilindraje as cilindra2_6_0_, vehiculoen0_.tipo_vehiculo as tipo_veh3_6_0_, tipovehicu1_.tipo_vehiculo as tipo_veh1_4_1_, tipovehicu1_.nombre_tipo_vehiculo as nombre_t2_4_1_ from vehiculo vehiculoen0_ left outer join tipo_vehiculo tipovehicu1_ on vehiculoen0_.tipo_vehiculo=tipovehicu1_.tipo_vehiculo where vehiculoen0_.placa=?
Hibernate: select vehiculoen0_.placa as placa1_6_0_, vehiculoen0_.cilindraje as cilindra2_6_0_, vehiculoen0_.tipo_vehiculo as tipo_veh3_6_0_, tipovehicu1_.tipo_vehiculo as tipo_veh1_4_1_, tipovehicu1_.nombre_tipo_vehiculo as nombre_t2_4_1_ from vehiculo vehiculoen0_ left outer join tipo_vehiculo tipovehicu1_ on vehiculoen0_.tipo_vehiculo=tipovehicu1_.tipo_vehiculo where vehiculoen0_.placa=?
Hibernate: select vehiculoen0_.placa as placa1_6_0_, vehiculoen0_.cilindraje as cilindra2_6_0_, vehiculoen0_.tipo_vehiculo as tipo_veh3_6_0_, tipovehicu1_.tipo_vehiculo as tipo_veh1_4_1_, tipovehicu1_.nombre_tipo_vehiculo as nombre_t2_4_1_ from vehiculo vehiculoen0_ left outer join tipo_vehiculo tipovehicu1_ on vehiculoen0_.tipo_vehiculo=tipovehicu1_.tipo_vehiculo where vehiculoen0_.placa=?
Hibernate: select vehiculoen0_.placa as placa1_6_0_, vehiculoen0_.cilindraje as cilindra2_6_0_, vehiculoen0_.tipo_vehiculo as tipo_veh3_6_0_, tipovehicu1_.tipo_vehiculo as tipo_veh1_4_1_, tipovehicu1_.nombre_tipo_vehiculo as nombre_t2_4_1_ from vehiculo vehiculoen0_ left outer join tipo_vehiculo tipovehicu1_ on vehiculoen0_.tipo_vehiculo=tipovehicu1_.tipo_vehiculo where vehiculoen0_.placa=?
Hibernate: select vehiculoen0_.placa as placa1_6_0_, vehiculoen0_.cilindraje as cilindra2_6_0_, vehiculoen0_.tipo_vehiculo as tipo_veh3_6_0_, tipovehicu1_.tipo_vehiculo as tipo_veh1_4_1_, tipovehicu1_.nombre_tipo_vehiculo as nombre_t2_4_1_ from vehiculo vehiculoen0_ left outer join tipo_vehiculo tipovehicu1_ on vehiculoen0_.tipo_vehiculo=tipovehicu1_.tipo_vehiculo where vehiculoen0_.placa=?
Hibernate: select vehiculoen0_.placa as placa1_6_0_, vehiculoen0_.cilindraje as cilindra2_6_0_, vehiculoen0_.tipo_vehiculo as tipo_veh3_6_0_, tipovehicu1_.tipo_vehiculo as tipo_veh1_4_1_, tipovehicu1_.nombre_tipo_vehiculo as nombre_t2_4_1_ from vehiculo vehiculoen0_ left outer join tipo_vehiculo tipovehicu1_ on vehiculoen0_.tipo_vehiculo=tipovehicu1_.tipo_vehiculo where vehiculoen0_.placa=?
Hibernate: select vehiculoen0_.placa as placa1_6_0_, vehiculoen0_.cilindraje as cilindra2_6_0_, vehiculoen0_.tipo_vehiculo as tipo_veh3_6_0_, tipovehicu1_.tipo_vehiculo as tipo_veh1_4_1_, tipovehicu1_.nombre_tipo_vehiculo as nombre_t2_4_1_ from vehiculo vehiculoen0_ left outer join tipo_vehiculo tipovehicu1_ on vehiculoen0_.tipo_vehiculo=tipovehicu1_.tipo_vehiculo where vehiculoen0_.placa=?
Hibernate: select vehiculoen0_.placa as placa1_6_0_, vehiculoen0_.cilindraje as cilindra2_6_0_, vehiculoen0_.tipo_vehiculo as tipo_veh3_6_0_, tipovehicu1_.tipo_vehiculo as tipo_veh1_4_1_, tipovehicu1_.nombre_tipo_vehiculo as nombre_t2_4_1_ from vehiculo vehiculoen0_ left outer join tipo_vehiculo tipovehicu1_ on vehiculoen0_.tipo_vehiculo=tipovehicu1_.tipo_vehiculo where vehiculoen0_.placa=?
Hibernate: select vehiculoen0_.placa as placa1_6_0_, vehiculoen0_.cilindraje as cilindra2_6_0_, vehiculoen0_.tipo_vehiculo as tipo_veh3_6_0_, tipovehicu1_.tipo_vehiculo as tipo_veh1_4_1_, tipovehicu1_.nombre_tipo_vehiculo as nombre_t2_4_1_ from vehiculo vehiculoen0_ left outer join tipo_vehiculo tipovehicu1_ on vehiculoen0_.tipo_vehiculo=tipovehicu1_.tipo_vehiculo where vehiculoen0_.placa=?
Hibernate: select vehiculoen0_.placa as placa1_6_0_, vehiculoen0_.cilindraje as cilindra2_6_0_, vehiculoen0_.tipo_vehiculo as tipo_veh3_6_0_, tipovehicu1_.tipo_vehiculo as tipo_veh1_4_1_, tipovehicu1_.nombre_tipo_vehiculo as nombre_t2_4_1_ from vehiculo vehiculoen0_ left outer join tipo_vehiculo tipovehicu1_ on vehiculoen0_.tipo_vehiculo=tipovehicu1_.tipo_vehiculo where vehiculoen0_.placa=?
Hibernate: select vehiculoen0_.placa as placa1_6_0_, vehiculoen0_.cilindraje as cilindra2_6_0_, vehiculoen0_.tipo_vehiculo as tipo_veh3_6_0_, tipovehicu1_.tipo_vehiculo as tipo_veh1_4_1_, tipovehicu1_.nombre_tipo_vehiculo as nombre_t2_4_1_ from vehiculo vehiculoen0_ left outer join tipo_vehiculo tipovehicu1_ on vehiculoen0_.tipo_vehiculo=tipovehicu1_.tipo_vehiculo where vehiculoen0_.placa=?
Hibernate: select vehiculoen0_.placa as placa1_6_0_, vehiculoen0_.cilindraje as cilindra2_6_0_, vehiculoen0_.tipo_vehiculo as tipo_veh3_6_0_, tipovehicu1_.tipo_vehiculo as tipo_veh1_4_1_, tipovehicu1_.nombre_tipo_vehiculo as nombre_t2_4_1_ from vehiculo vehiculoen0_ left outer join tipo_vehiculo tipovehicu1_ on vehiculoen0_.tipo_vehiculo=tipovehicu1_.tipo_vehiculo where vehiculoen0_.placa=?
Hibernate: select vehiculoen0_.placa as placa1_6_0_, vehiculoen0_.cilindraje as cilindra2_6_0_, vehiculoen0_.tipo_vehiculo as tipo_veh3_6_0_, tipovehicu1_.tipo_vehiculo as tipo_veh1_4_1_, tipovehicu1_.nombre_tipo_vehiculo as nombre_t2_4_1_ from vehiculo vehiculoen0_ left outer join tipo_vehiculo tipovehicu1_ on vehiculoen0_.tipo_vehiculo=tipovehicu1_.tipo_vehiculo where vehiculoen0_.placa=?
Hibernate: select vehiculoen0_.placa as placa1_6_0_, vehiculoen0_.cilindraje as cilindra2_6_0_, vehiculoen0_.tipo_vehiculo as tipo_veh3_6_0_, tipovehicu1_.tipo_vehiculo as tipo_veh1_4_1_, tipovehicu1_.nombre_tipo_vehiculo as nombre_t2_4_1_ from vehiculo vehiculoen0_ left outer join tipo_vehiculo tipovehicu1_ on vehiculoen0_.tipo_vehiculo=tipovehicu1_.tipo_vehiculo where vehiculoen0_.placa=?
Hibernate: delete from gestion_vehiculo where secuencia_parqueo_vehiculo=?
Hibernate: delete from gestion_vehiculo where secuencia_parqueo_vehiculo=?
Hibernate: delete from gestion_vehiculo where secuencia_parqueo_vehiculo=?
Hibernate: delete from gestion_vehiculo where secuencia_parqueo_vehiculo=?
Hibernate: delete from gestion_vehiculo where secuencia_parqueo_vehiculo=?
Hibernate: delete from gestion_vehiculo where secuencia_parqueo_vehiculo=?
Hibernate: delete from gestion_vehiculo where secuencia_parqueo_vehiculo=?
Hibernate: delete from gestion_vehiculo where secuencia_parqueo_vehiculo=?
Hibernate: delete from gestion_vehiculo where secuencia_parqueo_vehiculo=?
Hibernate: delete from gestion_vehiculo where secuencia_parqueo_vehiculo=?
Hibernate: delete from gestion_vehiculo where secuencia_parqueo_vehiculo=?
Hibernate: delete from gestion_vehiculo where secuencia_parqueo_vehiculo=?
Hibernate: delete from gestion_vehiculo where secuencia_parqueo_vehiculo=?
Hibernate: delete from gestion_vehiculo where secuencia_parqueo_vehiculo=?
Hibernate: delete from gestion_vehiculo where secuencia_parqueo_vehiculo=?
Hibernate: delete from gestion_vehiculo where secuencia_parqueo_vehiculo=?
Hibernate: delete from gestion_vehiculo where secuencia_parqueo_vehiculo=?
Hibernate: delete from gestion_vehiculo where secuencia_parqueo_vehiculo=?
Hibernate: delete from gestion_vehiculo where secuencia_parqueo_vehiculo=?
Hibernate: delete from gestion_vehiculo where secuencia_parqueo_vehiculo=?
Hibernate: delete from gestion_vehiculo where secuencia_parqueo_vehiculo=?
Hibernate: delete from gestion_vehiculo where secuencia_parqueo_vehiculo=?
Hibernate: delete from gestion_vehiculo where secuencia_parqueo_vehiculo=?
Hibernate: delete from gestion_vehiculo where secuencia_parqueo_vehiculo=?
Hibernate: delete from gestion_vehiculo where secuencia_parqueo_vehiculo=?
Hibernate: delete from gestion_vehiculo where secuencia_parqueo_vehiculo=?
Hibernate: delete from gestion_vehiculo where secuencia_parqueo_vehiculo=?
Hibernate: delete from gestion_vehiculo where secuencia_parqueo_vehiculo=?
Hibernate: delete from gestion_vehiculo where secuencia_parqueo_vehiculo=?
Hibernate: delete from gestion_vehiculo where secuencia_parqueo_vehiculo=?
Hibernate: delete from gestion_vehiculo where secuencia_parqueo_vehiculo=?
Hibernate: select gestionveh0_.secuencia_parqueo_vehiculo as secuenci1_1_, gestionveh0_.estado_parqueo as estado_p5_1_, gestionveh0_.fecha_ingreso as fecha_in2_1_, gestionveh0_.fecha_salida as fecha_sa3_1_, gestionveh0_.valor as valor4_1_, gestionveh0_.vehiculo as vehiculo6_1_ from gestion_vehiculo gestionveh0_ where gestionveh0_.estado_parqueo=1
Hibernate: select gestionveh0_.secuencia_parqueo_vehiculo as secuenci1_1_, gestionveh0_.estado_parqueo as estado_p5_1_, gestionveh0_.fecha_ingreso as fecha_in2_1_, gestionveh0_.fecha_salida as fecha_sa3_1_, gestionveh0_.valor as valor4_1_, gestionveh0_.vehiculo as vehiculo6_1_ from gestion_vehiculo gestionveh0_ where gestionveh0_.vehiculo=? and gestionveh0_.estado_parqueo=?
Hibernate: select gestionveh0_.secuencia_parqueo_vehiculo as secuenci1_1_0_, gestionveh0_.estado_parqueo as estado_p5_1_0_, gestionveh0_.fecha_ingreso as fecha_in2_1_0_, gestionveh0_.fecha_salida as fecha_sa3_1_0_, gestionveh0_.valor as valor4_1_0_, gestionveh0_.vehiculo as vehiculo6_1_0_ from gestion_vehiculo gestionveh0_ where gestionveh0_.secuencia_parqueo_vehiculo=?
Hibernate: select estadoparq0_.estado as estado1_0_0_, estadoparq0_.nombre_estado as nombre_e2_0_0_ from estado_parqueo estadoparq0_ where estadoparq0_.estado=?
Hibernate: select vehiculoen0_.placa as placa1_6_0_, vehiculoen0_.cilindraje as cilindra2_6_0_, vehiculoen0_.tipo_vehiculo as tipo_veh3_6_0_, tipovehicu1_.tipo_vehiculo as tipo_veh1_4_1_, tipovehicu1_.nombre_tipo_vehiculo as nombre_t2_4_1_ from vehiculo vehiculoen0_ left outer join tipo_vehiculo tipovehicu1_ on vehiculoen0_.tipo_vehiculo=tipovehicu1_.tipo_vehiculo where vehiculoen0_.placa=?
Hibernate: call next value for hibernate_sequence
Hibernate: insert into gestion_vehiculo (estado_parqueo, fecha_ingreso, fecha_salida, valor, vehiculo, secuencia_parqueo_vehiculo) values (?, ?, ?, ?, ?, ?)
Hibernate: select gestionveh0_.secuencia_parqueo_vehiculo as secuenci1_1_, gestionveh0_.estado_parqueo as estado_p5_1_, gestionveh0_.fecha_ingreso as fecha_in2_1_, gestionveh0_.fecha_salida as fecha_sa3_1_, gestionveh0_.valor as valor4_1_, gestionveh0_.vehiculo as vehiculo6_1_ from gestion_vehiculo gestionveh0_ where gestionveh0_.vehiculo=? and gestionveh0_.estado_parqueo=?
Hibernate: select estadoparq0_.estado as estado1_0_0_, estadoparq0_.nombre_estado as nombre_e2_0_0_ from estado_parqueo estadoparq0_ where estadoparq0_.estado=?
Hibernate: select vehiculoen0_.placa as placa1_6_0_, vehiculoen0_.cilindraje as cilindra2_6_0_, vehiculoen0_.tipo_vehiculo as tipo_veh3_6_0_, tipovehicu1_.tipo_vehiculo as tipo_veh1_4_1_, tipovehicu1_.nombre_tipo_vehiculo as nombre_t2_4_1_ from vehiculo vehiculoen0_ left outer join tipo_vehiculo tipovehicu1_ on vehiculoen0_.tipo_vehiculo=tipovehicu1_.tipo_vehiculo where vehiculoen0_.placa=?
]]></system-out>
  <system-err><![CDATA[Jun 28, 2018 3:13:35 PM org.springframework.boot.test.context.SpringBootTestContextBootstrapper buildDefaultMergedContextConfiguration
INFO: Neither @ContextConfiguration nor @ContextHierarchy found for test class [parqueadero.integracion.VigilanteITest], using SpringBootContextLoader
Jun 28, 2018 3:13:35 PM org.springframework.test.context.support.AbstractContextLoader generateDefaultLocations
INFO: Could not detect default resource locations for test class [parqueadero.integracion.VigilanteITest]: no resource found for suffixes {-context.xml, Context.groovy}.
Jun 28, 2018 3:13:35 PM org.springframework.test.context.support.AnnotationConfigContextLoaderUtils detectDefaultConfigurationClasses
INFO: Could not detect default configuration classes for test class [parqueadero.integracion.VigilanteITest]: VigilanteITest does not declare any static, non-private, non-final, nested classes annotated with @Configuration.
Jun 28, 2018 3:13:35 PM org.springframework.boot.test.context.SpringBootTestContextBootstrapper getOrFindConfigurationClasses
INFO: Found @SpringBootConfiguration parqueadero.ParqueaderoApplication for test class parqueadero.integracion.VigilanteITest
Jun 28, 2018 3:13:35 PM org.springframework.boot.test.context.SpringBootTestContextBootstrapper getDefaultTestExecutionListenerClassNames
INFO: Loaded default TestExecutionListener class names from location [META-INF/spring.factories]: [org.springframework.boot.test.autoconfigure.restdocs.RestDocsTestExecutionListener, org.springframework.boot.test.autoconfigure.web.client.MockRestServiceServerResetTestExecutionListener, org.springframework.boot.test.autoconfigure.web.servlet.MockMvcPrintOnlyOnFailureTestExecutionListener, org.springframework.boot.test.autoconfigure.web.servlet.WebDriverTestExecutionListener, org.springframework.boot.test.mock.mockito.MockitoTestExecutionListener, org.springframework.boot.test.mock.mockito.ResetMocksTestExecutionListener, org.springframework.test.context.web.ServletTestExecutionListener, org.springframework.test.context.support.DirtiesContextBeforeModesTestExecutionListener, org.springframework.test.context.support.DependencyInjectionTestExecutionListener, org.springframework.test.context.support.DirtiesContextTestExecutionListener, org.springframework.test.context.transaction.TransactionalTestExecutionListener, org.springframework.test.context.jdbc.SqlScriptsTestExecutionListener]
Jun 28, 2018 3:13:36 PM org.springframework.boot.test.context.SpringBootTestContextBootstrapper getTestExecutionListeners
INFO: Using TestExecutionListeners: [org.springframework.test.context.web.ServletTestExecutionListener@4b94aded, org.springframework.test.context.support.DirtiesContextBeforeModesTestExecutionListener@497c8e37, org.springframework.boot.test.mock.mockito.MockitoTestExecutionListener@67660456, org.springframework.boot.test.autoconfigure.SpringBootDependencyInjectionTestExecutionListener@1d3a1f2f, org.springframework.test.context.support.DirtiesContextTestExecutionListener@732f32a0, org.springframework.test.context.transaction.TransactionalTestExecutionListener@5e0f07c4, org.springframework.test.context.jdbc.SqlScriptsTestExecutionListener@91cfce7, org.springframework.boot.test.autoconfigure.restdocs.RestDocsTestExecutionListener@4492598c, org.springframework.boot.test.autoconfigure.web.client.MockRestServiceServerResetTestExecutionListener@4e22d98c, org.springframework.boot.test.autoconfigure.web.servlet.MockMvcPrintOnlyOnFailureTestExecutionListener@6835c6ab, org.springframework.boot.test.autoconfigure.web.servlet.WebDriverTestExecutionListener@620f48e, org.springframework.boot.test.mock.mockito.ResetMocksTestExecutionListener@50a883ff]
]]></system-err>
</testsuite>
